Determining if the pthread_create exist failed with the following output:
Change Dir: /home/axichen/ALPS_stuff/inverter_new/000build/CMakeFiles/CMakeTmp

Run Build Command:"/usr/bin/gmake" "cmTC_ffd9c/fast"
/usr/bin/gmake -f CMakeFiles/cmTC_ffd9c.dir/build.make CMakeFiles/cmTC_ffd9c.dir/build
gmake[1]: Entering directory `/home/axichen/ALPS_stuff/inverter_new/000build/CMakeFiles/CMakeTmp'
Building C object CMakeFiles/cmTC_ffd9c.dir/CheckSymbolExists.c.o
/opt/intel/2018.1.163/compilers_and_libraries_2018.1.163/linux/bin/intel64/icc    -o CMakeFiles/cmTC_ffd9c.dir/CheckSymbolExists.c.o   -c /home/axichen/ALPS_stuff/inverter_new/000build/CMakeFiles/CMakeTmp/CheckSymbolExists.c
Linking C executable cmTC_ffd9c
/opt/cmake/bin/cmake -E cmake_link_script CMakeFiles/cmTC_ffd9c.dir/link.txt --verbose=1
/opt/intel/2018.1.163/compilers_and_libraries_2018.1.163/linux/bin/intel64/icc      -rdynamic CMakeFiles/cmTC_ffd9c.dir/CheckSymbolExists.c.o  -o cmTC_ffd9c 
CMakeFiles/cmTC_ffd9c.dir/CheckSymbolExists.c.o: In function `main':
CheckSymbolExists.c:(.text+0x23): undefined reference to `pthread_create'
gmake[1]: *** [cmTC_ffd9c] Error 1
gmake[1]: Leaving directory `/home/axichen/ALPS_stuff/inverter_new/000build/CMakeFiles/CMakeTmp'
gmake: *** [cmTC_ffd9c/fast] Error 2

File /home/axichen/ALPS_stuff/inverter_new/000build/CMakeFiles/CMakeTmp/CheckSymbolExists.c:
/* */
#include <pthread.h>

int main(int argc, char** argv)
{
  (void)argv;
#ifndef pthread_create
  return ((int*)(&pthread_create))[argc];
#else
  (void)argc;
  return 0;
#endif
}

Determining if the function pthread_create exists in the pthreads failed with the following output:
Change Dir: /home/axichen/ALPS_stuff/inverter_new/000build/CMakeFiles/CMakeTmp

Run Build Command:"/usr/bin/gmake" "cmTC_67c9a/fast"
/usr/bin/gmake -f CMakeFiles/cmTC_67c9a.dir/build.make CMakeFiles/cmTC_67c9a.dir/build
gmake[1]: Entering directory `/home/axichen/ALPS_stuff/inverter_new/000build/CMakeFiles/CMakeTmp'
Building C object CMakeFiles/cmTC_67c9a.dir/CheckFunctionExists.c.o
/opt/intel/2018.1.163/compilers_and_libraries_2018.1.163/linux/bin/intel64/icc   -DCHECK_FUNCTION_EXISTS=pthread_create   -o CMakeFiles/cmTC_67c9a.dir/CheckFunctionExists.c.o   -c /opt/cmake/share/cmake-3.9/Modules/CheckFunctionExists.c
Linking C executable cmTC_67c9a
/opt/cmake/bin/cmake -E cmake_link_script CMakeFiles/cmTC_67c9a.dir/link.txt --verbose=1
/opt/intel/2018.1.163/compilers_and_libraries_2018.1.163/linux/bin/intel64/icc  -DCHECK_FUNCTION_EXISTS=pthread_create    -rdynamic CMakeFiles/cmTC_67c9a.dir/CheckFunctionExists.c.o  -o cmTC_67c9a -lpthreads 
ld: cannot find -lpthreads
gmake[1]: *** [cmTC_67c9a] Error 1
gmake[1]: Leaving directory `/home/axichen/ALPS_stuff/inverter_new/000build/CMakeFiles/CMakeTmp'
gmake: *** [cmTC_67c9a/fast] Error 2


