The system is: Linux - 3.10.0-862.3.3.el7.x86_64 - x86_64
Compiling the C compiler identification source file "CMakeCCompilerId.c" succeeded.
Compiler: /opt/intel/2018.1.163/compilers_and_libraries_2018.1.163/linux/bin/intel64/icc 
Build flags: 
Id flags:  

The output was:
0


Compilation of the C compiler identification source "CMakeCCompilerId.c" produced "a.out"

The C compiler identification is Intel, found in "/home/axichen/ALPS_stuff/inverter_new/000build/CMakeFiles/3.9.1/CompilerIdC/a.out"

Compiling the CXX compiler identification source file "CMakeCXXCompilerId.cpp" succeeded.
Compiler: /opt/intel/2018.1.163/compilers_and_libraries_2018.1.163/linux/bin/intel64/icpc 
Build flags: 
Id flags:  

The output was:
0


Compilation of the CXX compiler identification source "CMakeCXXCompilerId.cpp" produced "a.out"

The CXX compiler identification is Intel, found in "/home/axichen/ALPS_stuff/inverter_new/000build/CMakeFiles/3.9.1/CompilerIdCXX/a.out"

Determining if the C compiler works passed with the following output:
Change Dir: /home/axichen/ALPS_stuff/inverter_new/000build/CMakeFiles/CMakeTmp

Run Build Command:"/usr/bin/gmake" "cmTC_f2916/fast"
/usr/bin/gmake -f CMakeFiles/cmTC_f2916.dir/build.make CMakeFiles/cmTC_f2916.dir/build
gmake[1]: Entering directory `/home/axichen/ALPS_stuff/inverter_new/000build/CMakeFiles/CMakeTmp'
Building C object CMakeFiles/cmTC_f2916.dir/testCCompiler.c.o
/opt/intel/2018.1.163/compilers_and_libraries_2018.1.163/linux/bin/intel64/icc    -o CMakeFiles/cmTC_f2916.dir/testCCompiler.c.o   -c /home/axichen/ALPS_stuff/inverter_new/000build/CMakeFiles/CMakeTmp/testCCompiler.c
Linking C executable cmTC_f2916
/opt/cmake/bin/cmake -E cmake_link_script CMakeFiles/cmTC_f2916.dir/link.txt --verbose=1
/opt/intel/2018.1.163/compilers_and_libraries_2018.1.163/linux/bin/intel64/icc      -rdynamic CMakeFiles/cmTC_f2916.dir/testCCompiler.c.o  -o cmTC_f2916 
gmake[1]: Leaving directory `/home/axichen/ALPS_stuff/inverter_new/000build/CMakeFiles/CMakeTmp'


Detecting C compiler ABI info compiled with the following output:
Change Dir: /home/axichen/ALPS_stuff/inverter_new/000build/CMakeFiles/CMakeTmp

Run Build Command:"/usr/bin/gmake" "cmTC_aa42d/fast"
/usr/bin/gmake -f CMakeFiles/cmTC_aa42d.dir/build.make CMakeFiles/cmTC_aa42d.dir/build
gmake[1]: Entering directory `/home/axichen/ALPS_stuff/inverter_new/000build/CMakeFiles/CMakeTmp'
Building C object CMakeFiles/cmTC_aa42d.dir/CMakeCCompilerABI.c.o
/opt/intel/2018.1.163/compilers_and_libraries_2018.1.163/linux/bin/intel64/icc    -o CMakeFiles/cmTC_aa42d.dir/CMakeCCompilerABI.c.o   -c /opt/cmake/share/cmake-3.9/Modules/CMakeCCompilerABI.c
Linking C executable cmTC_aa42d
/opt/cmake/bin/cmake -E cmake_link_script CMakeFiles/cmTC_aa42d.dir/link.txt --verbose=1
/opt/intel/2018.1.163/compilers_and_libraries_2018.1.163/linux/bin/intel64/icc     -v -rdynamic CMakeFiles/cmTC_aa42d.dir/CMakeCCompilerABI.c.o  -o cmTC_aa42d 
icc version 18.0.1 (gcc version 4.8.5 compatibility)
/opt/intel/2018.1.163/compilers_and_libraries_2018.1.163/linux/bin/intel64/mcpcom    -mGLOB_em64t=TRUE -mP1OPT_version=18.0-intel64 -mGLOB_diag_file=CMakeFiles/cmTC_aa42d.dir/CMakeCCompilerABI.c.diag -mGLOB_long_size_64 -mGLOB_routine_pointer_size_64 -mP1OPT_print_version=FALSE -mCG_use_gas_got_workaround=F -mP2OPT_align_option_used=TRUE -mGLOB_gcc_version=485 "-mGLOB_options_string=-v -rdynamic -o cmTC_aa42d" -mGLOB_cxx_limited_range=FALSE -mCG_extend_parms=FALSE -mGLOB_compiler_bin_directory=/opt/intel/2018.1.163/compilers_and_libraries_2018.1.163/linux/bin/intel64 -mGLOB_as_output_backup_file_name=/tmp/iccVqyncgas_.s -mGLOB_dashboard_use_source_name -mIPOPT_activate -mGLOB_product_id_code=0x22006d92 -mP3OPT_use_mspp_call_convention -mP2OPT_subs_out_of_bound=FALSE -mP2OPT_disam_type_based_disam=2 -mP2OPT_disam_assume_ansi_c -mP2OPT_checked_disam_ansi_alias=TRUE -mGLOB_ansi_alias -mPGOPTI_value_profile_use=T -mGLOB_opt_report_use_source_name -mP2OPT_il0_array_sections=TRUE -mGLOB_offload_mode=1 -mP2OPT_offload_unique_var_string=icc1053991107rrUiEk -mP2OPT_hlo -mP2OPT_hpo_rtt_control=0 -mIPOPT_args_in_regs=0 -mP2OPT_disam_assume_nonstd_intent_in=FALSE -mGLOB_imf_mapping_library=/opt/intel/2018.1.163/compilers_and_libraries_2018.1.163/linux/bin/intel64/libiml_attr.so -mPGOPTI_gen_threadsafe_level=0 -mIPOPT_link -mIPOPT_ipo_activate -mIPOPT_mo_activate -mIPOPT_source_files_list=/tmp/iccslisINQJI4 -mIPOPT_mo_global_data -mIPOPT_link_script_file=/tmp/iccscriptY96hSN "-mIPOPT_cmdline_link="/usr/lib/gcc/x86_64-redhat-linux/4.8.5/../../../../lib64/crt1.o" "/usr/lib/gcc/x86_64-redhat-linux/4.8.5/../../../../lib64/crti.o" "/usr/lib/gcc/x86_64-redhat-linux/4.8.5/crtbegin.o" "-export-dynamic" "--eh-frame-hdr" "--build-id" "-dynamic-linker" "/lib64/ld-linux-x86-64.so.2" "-m" "elf_x86_64" "-o" "cmTC_aa42d" "-L/opt/intel/2018.1.163/compilers_and_libraries_2018.1.163/linux/compiler/lib/intel64_lin" "-L/opt/intel/2018.1.163/compilers_and_libraries_2018.1.163/linux/ipp/../compiler/lib/intel64" "-L/opt/intel/2018.1.163/compilers_and_libraries_2018.1.163/linux/ipp/lib/intel64" "-L/opt/intel/2018.1.163/compilers_and_libraries_2018.1.163/linux/mkl/lib/intel64" "-L/opt/intel/2018.1.163/compilers_and_libraries_2018.1.163/linux/tbb/lib/intel64/gcc4.4" "-L/opt/intel/2018.1.163/compilers_and_libraries_2018.1.163/linux/compiler/lib/intel64_lin" "-L/usr/lib/gcc/x86_64-redhat-linux/4.8.5/" "-L/usr/lib/gcc/x86_64-redhat-linux/4.8.5/../../../../lib64" "-L/usr/lib/gcc/x86_64-redhat-linux/4.8.5/../../../../lib64/" "-L/lib/../lib64" "-L/lib/../lib64/" "-L/usr/lib/../lib64" "-L/usr/lib/../lib64/" "-L/opt/intel/2018.1.163/compilers_and_libraries_2018.1.163/linux/compiler/lib/intel64_lin/" "-L/opt/intel/2018.1.163/compilers_and_libraries_2018.1.163/linux/compiler/lib/intel64/" "-L/opt/intel/2018.1.163/compilers_and_libraries_2018.1.163/linux/mkl/lib/intel64/" "-L/opt/intel/2018.1.163/compilers_and_libraries_2018.1.163/linux/tbb/lib/intel64/gcc4.4/" "-L/usr/lib/gcc/x86_64-redhat-linux/4.8.5/../../../" "-L/lib64" "-L/lib/" "-L/usr/lib64" "-L/usr/lib" "CMakeFiles/cmTC_aa42d.dir/CMakeCCompilerABI.c.o" "-Bdynamic" "-Bstatic" "-limf" "-lsvml" "-lirng" "-Bdynamic" "-lm" "-Bstatic" "-lipgo" "-ldecimal" "--as-needed" "-Bdynamic" "-lcilkrts" "-lstdc++" "--no-as-needed" "-lgcc" "-lgcc_s" "-Bstatic" "-lirc" "-lsvml" "-Bdynamic" "-lc" "-lgcc" "-lgcc_s" "-Bstatic" "-lirc_s" "-Bdynamic" "-ldl" "-lc" "/usr/lib/gcc/x86_64-redhat-linux/4.8.5/crtend.o" "/usr/lib/gcc/x86_64-redhat-linux/4.8.5/../../../../lib64/crtn.o"" -mIPOPT_il_in_obj -mIPOPT_ipo_activate_warn=FALSE -mIPOPT_obj_output_file_name=/tmp/ipo_iccc9vyNH.o -mIPOPT_whole_archive_fixup_file_name=/tmp/iccwarch7h1SJr -mGLOB_linker_version=2.27 -mGLOB_driver_tempfile_name=/tmp/icctempfileSJDOVa -mP3OPT_asm_target=P3OPT_ASM_TARGET_GAS -mGLOB_async_unwind_tables=TRUE -mGLOB_obj_output_file=/tmp/ipo_iccc9vyNH.o -mGLOB_source_dialect=GLOB_SOURCE_DIALECT_NONE -mP1OPT_source_file_name=ipo_out.c CMakeFiles/cmTC_aa42d.dir/CMakeCCompilerABI.c.o -mIPOPT_object_files=T -mIPOPT_assembly_files=/tmp/iccaliscB6z69 -mIPOPT_generated_tempfiles=/tmp/iccelisuqv6fT -mIPOPT_embedded_object_base_name=/tmp/icceobjGavDpC -mIPOPT_cmdline_link_new_name=/tmp/iccllisaAtbzl
ld    /usr/lib/gcc/x86_64-redhat-linux/4.8.5/../../../../lib64/crt1.o /usr/lib/gcc/x86_64-redhat-linux/4.8.5/../../../../lib64/crti.o /usr/lib/gcc/x86_64-redhat-linux/4.8.5/crtbegin.o -export-dynamic --eh-frame-hdr --build-id -dynamic-linker /lib64/ld-linux-x86-64.so.2 -m elf_x86_64 -o cmTC_aa42d -L/opt/intel/2018.1.163/compilers_and_libraries_2018.1.163/linux/compiler/lib/intel64_lin -L/opt/intel/2018.1.163/compilers_and_libraries_2018.1.163/linux/ipp/../compiler/lib/intel64 -L/opt/intel/2018.1.163/compilers_and_libraries_2018.1.163/linux/ipp/lib/intel64 -L/opt/intel/2018.1.163/compilers_and_libraries_2018.1.163/linux/mkl/lib/intel64 -L/opt/intel/2018.1.163/compilers_and_libraries_2018.1.163/linux/tbb/lib/intel64/gcc4.4 -L/opt/intel/2018.1.163/compilers_and_libraries_2018.1.163/linux/compiler/lib/intel64_lin -L/usr/lib/gcc/x86_64-redhat-linux/4.8.5/ -L/usr/lib/gcc/x86_64-redhat-linux/4.8.5/../../../../lib64 -L/usr/lib/gcc/x86_64-redhat-linux/4.8.5/../../../../lib64/ -L/lib/../lib64 -L/lib/../lib64/ -L/usr/lib/../lib64 -L/usr/lib/../lib64/ -L/opt/intel/2018.1.163/compilers_and_libraries_2018.1.163/linux/compiler/lib/intel64_lin/ -L/opt/intel/2018.1.163/compilers_and_libraries_2018.1.163/linux/compiler/lib/intel64/ -L/opt/intel/2018.1.163/compilers_and_libraries_2018.1.163/linux/mkl/lib/intel64/ -L/opt/intel/2018.1.163/compilers_and_libraries_2018.1.163/linux/tbb/lib/intel64/gcc4.4/ -L/usr/lib/gcc/x86_64-redhat-linux/4.8.5/../../../ -L/lib64 -L/lib/ -L/usr/lib64 -L/usr/lib CMakeFiles/cmTC_aa42d.dir/CMakeCCompilerABI.c.o -Bdynamic -Bstatic -limf -lsvml -lirng -Bdynamic -lm -Bstatic -lipgo -ldecimal --as-needed -Bdynamic -lcilkrts -lstdc++ --no-as-needed -lgcc -lgcc_s -Bstatic -lirc -lsvml -Bdynamic -lc -lgcc -lgcc_s -Bstatic -lirc_s -Bdynamic -ldl -lc /usr/lib/gcc/x86_64-redhat-linux/4.8.5/crtend.o /usr/lib/gcc/x86_64-redhat-linux/4.8.5/../../../../lib64/crtn.o
gmake[1]: Leaving directory `/home/axichen/ALPS_stuff/inverter_new/000build/CMakeFiles/CMakeTmp'


Parsed C implicit link information from above output:
  link line regex: [^( *|.*[/\])(ld|CMAKE_LINK_STARTFILE-NOTFOUND|([^/\]+-)?ld|collect2)[^/\]*( |$)]
  ignore line: [Change Dir: /home/axichen/ALPS_stuff/inverter_new/000build/CMakeFiles/CMakeTmp]
  ignore line: []
  ignore line: [Run Build Command:"/usr/bin/gmake" "cmTC_aa42d/fast"]
  ignore line: [/usr/bin/gmake -f CMakeFiles/cmTC_aa42d.dir/build.make CMakeFiles/cmTC_aa42d.dir/build]
  ignore line: [gmake[1]: Entering directory `/home/axichen/ALPS_stuff/inverter_new/000build/CMakeFiles/CMakeTmp']
  ignore line: [Building C object CMakeFiles/cmTC_aa42d.dir/CMakeCCompilerABI.c.o]
  ignore line: [/opt/intel/2018.1.163/compilers_and_libraries_2018.1.163/linux/bin/intel64/icc    -o CMakeFiles/cmTC_aa42d.dir/CMakeCCompilerABI.c.o   -c /opt/cmake/share/cmake-3.9/Modules/CMakeCCompilerABI.c]
  ignore line: [Linking C executable cmTC_aa42d]
  ignore line: [/opt/cmake/bin/cmake -E cmake_link_script CMakeFiles/cmTC_aa42d.dir/link.txt --verbose=1]
  ignore line: [/opt/intel/2018.1.163/compilers_and_libraries_2018.1.163/linux/bin/intel64/icc     -v -rdynamic CMakeFiles/cmTC_aa42d.dir/CMakeCCompilerABI.c.o  -o cmTC_aa42d ]
  ignore line: [icc version 18.0.1 (gcc version 4.8.5 compatibility)]
  ignore line: [/opt/intel/2018.1.163/compilers_and_libraries_2018.1.163/linux/bin/intel64/mcpcom    -mGLOB_em64t=TRUE -mP1OPT_version=18.0-intel64 -mGLOB_diag_file=CMakeFiles/cmTC_aa42d.dir/CMakeCCompilerABI.c.diag -mGLOB_long_size_64 -mGLOB_routine_pointer_size_64 -mP1OPT_print_version=FALSE -mCG_use_gas_got_workaround=F -mP2OPT_align_option_used=TRUE -mGLOB_gcc_version=485 "-mGLOB_options_string=-v -rdynamic -o cmTC_aa42d" -mGLOB_cxx_limited_range=FALSE -mCG_extend_parms=FALSE -mGLOB_compiler_bin_directory=/opt/intel/2018.1.163/compilers_and_libraries_2018.1.163/linux/bin/intel64 -mGLOB_as_output_backup_file_name=/tmp/iccVqyncgas_.s -mGLOB_dashboard_use_source_name -mIPOPT_activate -mGLOB_product_id_code=0x22006d92 -mP3OPT_use_mspp_call_convention -mP2OPT_subs_out_of_bound=FALSE -mP2OPT_disam_type_based_disam=2 -mP2OPT_disam_assume_ansi_c -mP2OPT_checked_disam_ansi_alias=TRUE -mGLOB_ansi_alias -mPGOPTI_value_profile_use=T -mGLOB_opt_report_use_source_name -mP2OPT_il0_array_sections=TRUE -mGLOB_offload_mode=1 -mP2OPT_offload_unique_var_string=icc1053991107rrUiEk -mP2OPT_hlo -mP2OPT_hpo_rtt_control=0 -mIPOPT_args_in_regs=0 -mP2OPT_disam_assume_nonstd_intent_in=FALSE -mGLOB_imf_mapping_library=/opt/intel/2018.1.163/compilers_and_libraries_2018.1.163/linux/bin/intel64/libiml_attr.so -mPGOPTI_gen_threadsafe_level=0 -mIPOPT_link -mIPOPT_ipo_activate -mIPOPT_mo_activate -mIPOPT_source_files_list=/tmp/iccslisINQJI4 -mIPOPT_mo_global_data -mIPOPT_link_script_file=/tmp/iccscriptY96hSN "-mIPOPT_cmdline_link="/usr/lib/gcc/x86_64-redhat-linux/4.8.5/../../../../lib64/crt1.o" "/usr/lib/gcc/x86_64-redhat-linux/4.8.5/../../../../lib64/crti.o" "/usr/lib/gcc/x86_64-redhat-linux/4.8.5/crtbegin.o" "-export-dynamic" "--eh-frame-hdr" "--build-id" "-dynamic-linker" "/lib64/ld-linux-x86-64.so.2" "-m" "elf_x86_64" "-o" "cmTC_aa42d" "-L/opt/intel/2018.1.163/compilers_and_libraries_2018.1.163/linux/compiler/lib/intel64_lin" "-L/opt/intel/2018.1.163/compilers_and_libraries_2018.1.163/linux/ipp/../compiler/lib/intel64" "-L/opt/intel/2018.1.163/compilers_and_libraries_2018.1.163/linux/ipp/lib/intel64" "-L/opt/intel/2018.1.163/compilers_and_libraries_2018.1.163/linux/mkl/lib/intel64" "-L/opt/intel/2018.1.163/compilers_and_libraries_2018.1.163/linux/tbb/lib/intel64/gcc4.4" "-L/opt/intel/2018.1.163/compilers_and_libraries_2018.1.163/linux/compiler/lib/intel64_lin" "-L/usr/lib/gcc/x86_64-redhat-linux/4.8.5/" "-L/usr/lib/gcc/x86_64-redhat-linux/4.8.5/../../../../lib64" "-L/usr/lib/gcc/x86_64-redhat-linux/4.8.5/../../../../lib64/" "-L/lib/../lib64" "-L/lib/../lib64/" "-L/usr/lib/../lib64" "-L/usr/lib/../lib64/" "-L/opt/intel/2018.1.163/compilers_and_libraries_2018.1.163/linux/compiler/lib/intel64_lin/" "-L/opt/intel/2018.1.163/compilers_and_libraries_2018.1.163/linux/compiler/lib/intel64/" "-L/opt/intel/2018.1.163/compilers_and_libraries_2018.1.163/linux/mkl/lib/intel64/" "-L/opt/intel/2018.1.163/compilers_and_libraries_2018.1.163/linux/tbb/lib/intel64/gcc4.4/" "-L/usr/lib/gcc/x86_64-redhat-linux/4.8.5/../../../" "-L/lib64" "-L/lib/" "-L/usr/lib64" "-L/usr/lib" "CMakeFiles/cmTC_aa42d.dir/CMakeCCompilerABI.c.o" "-Bdynamic" "-Bstatic" "-limf" "-lsvml" "-lirng" "-Bdynamic" "-lm" "-Bstatic" "-lipgo" "-ldecimal" "--as-needed" "-Bdynamic" "-lcilkrts" "-lstdc++" "--no-as-needed" "-lgcc" "-lgcc_s" "-Bstatic" "-lirc" "-lsvml" "-Bdynamic" "-lc" "-lgcc" "-lgcc_s" "-Bstatic" "-lirc_s" "-Bdynamic" "-ldl" "-lc" "/usr/lib/gcc/x86_64-redhat-linux/4.8.5/crtend.o" "/usr/lib/gcc/x86_64-redhat-linux/4.8.5/../../../../lib64/crtn.o"" -mIPOPT_il_in_obj -mIPOPT_ipo_activate_warn=FALSE -mIPOPT_obj_output_file_name=/tmp/ipo_iccc9vyNH.o -mIPOPT_whole_archive_fixup_file_name=/tmp/iccwarch7h1SJr -mGLOB_linker_version=2.27 -mGLOB_driver_tempfile_name=/tmp/icctempfileSJDOVa -mP3OPT_asm_target=P3OPT_ASM_TARGET_GAS -mGLOB_async_unwind_tables=TRUE -mGLOB_obj_output_file=/tmp/ipo_iccc9vyNH.o -mGLOB_source_dialect=GLOB_SOURCE_DIALECT_NONE -mP1OPT_source_file_name=ipo_out.c CMakeFiles/cmTC_aa42d.dir/CMakeCCompilerABI.c.o -mIPOPT_object_files=T -mIPOPT_assembly_files=/tmp/iccaliscB6z69 -mIPOPT_generated_tempfiles=/tmp/iccelisuqv6fT -mIPOPT_embedded_object_base_name=/tmp/icceobjGavDpC -mIPOPT_cmdline_link_new_name=/tmp/iccllisaAtbzl]
  link line: [ld    /usr/lib/gcc/x86_64-redhat-linux/4.8.5/../../../../lib64/crt1.o /usr/lib/gcc/x86_64-redhat-linux/4.8.5/../../../../lib64/crti.o /usr/lib/gcc/x86_64-redhat-linux/4.8.5/crtbegin.o -export-dynamic --eh-frame-hdr --build-id -dynamic-linker /lib64/ld-linux-x86-64.so.2 -m elf_x86_64 -o cmTC_aa42d -L/opt/intel/2018.1.163/compilers_and_libraries_2018.1.163/linux/compiler/lib/intel64_lin -L/opt/intel/2018.1.163/compilers_and_libraries_2018.1.163/linux/ipp/../compiler/lib/intel64 -L/opt/intel/2018.1.163/compilers_and_libraries_2018.1.163/linux/ipp/lib/intel64 -L/opt/intel/2018.1.163/compilers_and_libraries_2018.1.163/linux/mkl/lib/intel64 -L/opt/intel/2018.1.163/compilers_and_libraries_2018.1.163/linux/tbb/lib/intel64/gcc4.4 -L/opt/intel/2018.1.163/compilers_and_libraries_2018.1.163/linux/compiler/lib/intel64_lin -L/usr/lib/gcc/x86_64-redhat-linux/4.8.5/ -L/usr/lib/gcc/x86_64-redhat-linux/4.8.5/../../../../lib64 -L/usr/lib/gcc/x86_64-redhat-linux/4.8.5/../../../../lib64/ -L/lib/../lib64 -L/lib/../lib64/ -L/usr/lib/../lib64 -L/usr/lib/../lib64/ -L/opt/intel/2018.1.163/compilers_and_libraries_2018.1.163/linux/compiler/lib/intel64_lin/ -L/opt/intel/2018.1.163/compilers_and_libraries_2018.1.163/linux/compiler/lib/intel64/ -L/opt/intel/2018.1.163/compilers_and_libraries_2018.1.163/linux/mkl/lib/intel64/ -L/opt/intel/2018.1.163/compilers_and_libraries_2018.1.163/linux/tbb/lib/intel64/gcc4.4/ -L/usr/lib/gcc/x86_64-redhat-linux/4.8.5/../../../ -L/lib64 -L/lib/ -L/usr/lib64 -L/usr/lib CMakeFiles/cmTC_aa42d.dir/CMakeCCompilerABI.c.o -Bdynamic -Bstatic -limf -lsvml -lirng -Bdynamic -lm -Bstatic -lipgo -ldecimal --as-needed -Bdynamic -lcilkrts -lstdc++ --no-as-needed -lgcc -lgcc_s -Bstatic -lirc -lsvml -Bdynamic -lc -lgcc -lgcc_s -Bstatic -lirc_s -Bdynamic -ldl -lc /usr/lib/gcc/x86_64-redhat-linux/4.8.5/crtend.o /usr/lib/gcc/x86_64-redhat-linux/4.8.5/../../../../lib64/crtn.o]
    arg [ld] ==> ignore
    arg [/usr/lib/gcc/x86_64-redhat-linux/4.8.5/../../../../lib64/crt1.o] ==> ignore
    arg [/usr/lib/gcc/x86_64-redhat-linux/4.8.5/../../../../lib64/crti.o] ==> ignore
    arg [/usr/lib/gcc/x86_64-redhat-linux/4.8.5/crtbegin.o] ==> ignore
    arg [-export-dynamic] ==> ignore
    arg [--eh-frame-hdr] ==> ignore
    arg [--build-id] ==> ignore
    arg [-dynamic-linker] ==> ignore
    arg [/lib64/ld-linux-x86-64.so.2] ==> ignore
    arg [-m] ==> ignore
    arg [elf_x86_64] ==> ignore
    arg [-o] ==> ignore
    arg [cmTC_aa42d] ==> ignore
    arg [-L/opt/intel/2018.1.163/compilers_and_libraries_2018.1.163/linux/compiler/lib/intel64_lin] ==> dir [/opt/intel/2018.1.163/compilers_and_libraries_2018.1.163/linux/compiler/lib/intel64_lin]
    arg [-L/opt/intel/2018.1.163/compilers_and_libraries_2018.1.163/linux/ipp/../compiler/lib/intel64] ==> dir [/opt/intel/2018.1.163/compilers_and_libraries_2018.1.163/linux/ipp/../compiler/lib/intel64]
    arg [-L/opt/intel/2018.1.163/compilers_and_libraries_2018.1.163/linux/ipp/lib/intel64] ==> dir [/opt/intel/2018.1.163/compilers_and_libraries_2018.1.163/linux/ipp/lib/intel64]
    arg [-L/opt/intel/2018.1.163/compilers_and_libraries_2018.1.163/linux/mkl/lib/intel64] ==> dir [/opt/intel/2018.1.163/compilers_and_libraries_2018.1.163/linux/mkl/lib/intel64]
    arg [-L/opt/intel/2018.1.163/compilers_and_libraries_2018.1.163/linux/tbb/lib/intel64/gcc4.4] ==> dir [/opt/intel/2018.1.163/compilers_and_libraries_2018.1.163/linux/tbb/lib/intel64/gcc4.4]
    arg [-L/opt/intel/2018.1.163/compilers_and_libraries_2018.1.163/linux/compiler/lib/intel64_lin] ==> dir [/opt/intel/2018.1.163/compilers_and_libraries_2018.1.163/linux/compiler/lib/intel64_lin]
    arg [-L/usr/lib/gcc/x86_64-redhat-linux/4.8.5/] ==> dir [/usr/lib/gcc/x86_64-redhat-linux/4.8.5/]
    arg [-L/usr/lib/gcc/x86_64-redhat-linux/4.8.5/../../../../lib64] ==> dir [/usr/lib/gcc/x86_64-redhat-linux/4.8.5/../../../../lib64]
    arg [-L/usr/lib/gcc/x86_64-redhat-linux/4.8.5/../../../../lib64/] ==> dir [/usr/lib/gcc/x86_64-redhat-linux/4.8.5/../../../../lib64/]
    arg [-L/lib/../lib64] ==> dir [/lib/../lib64]
    arg [-L/lib/../lib64/] ==> dir [/lib/../lib64/]
    arg [-L/usr/lib/../lib64] ==> dir [/usr/lib/../lib64]
    arg [-L/usr/lib/../lib64/] ==> dir [/usr/lib/../lib64/]
    arg [-L/opt/intel/2018.1.163/compilers_and_libraries_2018.1.163/linux/compiler/lib/intel64_lin/] ==> dir [/opt/intel/2018.1.163/compilers_and_libraries_2018.1.163/linux/compiler/lib/intel64_lin/]
    arg [-L/opt/intel/2018.1.163/compilers_and_libraries_2018.1.163/linux/compiler/lib/intel64/] ==> dir [/opt/intel/2018.1.163/compilers_and_libraries_2018.1.163/linux/compiler/lib/intel64/]
    arg [-L/opt/intel/2018.1.163/compilers_and_libraries_2018.1.163/linux/mkl/lib/intel64/] ==> dir [/opt/intel/2018.1.163/compilers_and_libraries_2018.1.163/linux/mkl/lib/intel64/]
    arg [-L/opt/intel/2018.1.163/compilers_and_libraries_2018.1.163/linux/tbb/lib/intel64/gcc4.4/] ==> dir [/opt/intel/2018.1.163/compilers_and_libraries_2018.1.163/linux/tbb/lib/intel64/gcc4.4/]
    arg [-L/usr/lib/gcc/x86_64-redhat-linux/4.8.5/../../../] ==> dir [/usr/lib/gcc/x86_64-redhat-linux/4.8.5/../../../]
    arg [-L/lib64] ==> dir [/lib64]
    arg [-L/lib/] ==> dir [/lib/]
    arg [-L/usr/lib64] ==> dir [/usr/lib64]
    arg [-L/usr/lib] ==> dir [/usr/lib]
    arg [CMakeFiles/cmTC_aa42d.dir/CMakeCCompilerABI.c.o] ==> ignore
    arg [-Bdynamic] ==> ignore
    arg [-Bstatic] ==> ignore
    arg [-limf] ==> lib [imf]
    arg [-lsvml] ==> lib [svml]
    arg [-lirng] ==> lib [irng]
    arg [-Bdynamic] ==> ignore
    arg [-lm] ==> lib [m]
    arg [-Bstatic] ==> ignore
    arg [-lipgo] ==> lib [ipgo]
    arg [-ldecimal] ==> lib [decimal]
    arg [--as-needed] ==> ignore
    arg [-Bdynamic] ==> ignore
    arg [-lcilkrts] ==> lib [cilkrts]
    arg [-lstdc++] ==> lib [stdc++]
    arg [--no-as-needed] ==> ignore
    arg [-lgcc] ==> lib [gcc]
    arg [-lgcc_s] ==> lib [gcc_s]
    arg [-Bstatic] ==> ignore
    arg [-lirc] ==> lib [irc]
    arg [-lsvml] ==> lib [svml]
    arg [-Bdynamic] ==> ignore
    arg [-lc] ==> lib [c]
    arg [-lgcc] ==> lib [gcc]
    arg [-lgcc_s] ==> lib [gcc_s]
    arg [-Bstatic] ==> ignore
    arg [-lirc_s] ==> lib [irc_s]
    arg [-Bdynamic] ==> ignore
    arg [-ldl] ==> lib [dl]
    arg [-lc] ==> lib [c]
    arg [/usr/lib/gcc/x86_64-redhat-linux/4.8.5/crtend.o] ==> ignore
    arg [/usr/lib/gcc/x86_64-redhat-linux/4.8.5/../../../../lib64/crtn.o] ==> ignore
  collapse library dir [/opt/intel/2018.1.163/compilers_and_libraries_2018.1.163/linux/compiler/lib/intel64_lin] ==> [/opt/intel/2018.1.163/compilers_and_libraries_2018.1.163/linux/compiler/lib/intel64_lin]
  collapse library dir [/opt/intel/2018.1.163/compilers_and_libraries_2018.1.163/linux/ipp/../compiler/lib/intel64] ==> [/opt/intel/2018.1.163/compilers_and_libraries_2018.1.163/linux/compiler/lib/intel64]
  collapse library dir [/opt/intel/2018.1.163/compilers_and_libraries_2018.1.163/linux/ipp/lib/intel64] ==> [/opt/intel/2018.1.163/compilers_and_libraries_2018.1.163/linux/ipp/lib/intel64]
  collapse library dir [/opt/intel/2018.1.163/compilers_and_libraries_2018.1.163/linux/mkl/lib/intel64] ==> [/opt/intel/2018.1.163/compilers_and_libraries_2018.1.163/linux/mkl/lib/intel64]
  collapse library dir [/opt/intel/2018.1.163/compilers_and_libraries_2018.1.163/linux/tbb/lib/intel64/gcc4.4] ==> [/opt/intel/2018.1.163/compilers_and_libraries_2018.1.163/linux/tbb/lib/intel64/gcc4.4]
  collapse library dir [/opt/intel/2018.1.163/compilers_and_libraries_2018.1.163/linux/compiler/lib/intel64_lin] ==> [/opt/intel/2018.1.163/compilers_and_libraries_2018.1.163/linux/compiler/lib/intel64_lin]
  collapse library dir [/usr/lib/gcc/x86_64-redhat-linux/4.8.5/] ==> [/usr/lib/gcc/x86_64-redhat-linux/4.8.5]
  collapse library dir [/usr/lib/gcc/x86_64-redhat-linux/4.8.5/../../../../lib64] ==> [/usr/lib64]
  collapse library dir [/usr/lib/gcc/x86_64-redhat-linux/4.8.5/../../../../lib64/] ==> [/usr/lib64]
  collapse library dir [/lib/../lib64] ==> [/lib64]
  collapse library dir [/lib/../lib64/] ==> [/lib64]
  collapse library dir [/usr/lib/../lib64] ==> [/usr/lib64]
  collapse library dir [/usr/lib/../lib64/] ==> [/usr/lib64]
  collapse library dir [/opt/intel/2018.1.163/compilers_and_libraries_2018.1.163/linux/compiler/lib/intel64_lin/] ==> [/opt/intel/2018.1.163/compilers_and_libraries_2018.1.163/linux/compiler/lib/intel64_lin]
  collapse library dir [/opt/intel/2018.1.163/compilers_and_libraries_2018.1.163/linux/compiler/lib/intel64/] ==> [/opt/intel/2018.1.163/compilers_and_libraries_2018.1.163/linux/compiler/lib/intel64]
  collapse library dir [/opt/intel/2018.1.163/compilers_and_libraries_2018.1.163/linux/mkl/lib/intel64/] ==> [/opt/intel/2018.1.163/compilers_and_libraries_2018.1.163/linux/mkl/lib/intel64]
  collapse library dir [/opt/intel/2018.1.163/compilers_and_libraries_2018.1.163/linux/tbb/lib/intel64/gcc4.4/] ==> [/opt/intel/2018.1.163/compilers_and_libraries_2018.1.163/linux/tbb/lib/intel64/gcc4.4]
  collapse library dir [/usr/lib/gcc/x86_64-redhat-linux/4.8.5/../../../] ==> [/usr/lib]
  collapse library dir [/lib64] ==> [/lib64]
  collapse library dir [/lib/] ==> [/lib]
  collapse library dir [/usr/lib64] ==> [/usr/lib64]
  collapse library dir [/usr/lib] ==> [/usr/lib]
  implicit libs: [imf;svml;irng;m;ipgo;decimal;cilkrts;stdc++;gcc;gcc_s;irc;svml;c;gcc;gcc_s;irc_s;dl;c]
  implicit dirs: [/opt/intel/2018.1.163/compilers_and_libraries_2018.1.163/linux/compiler/lib/intel64_lin;/opt/intel/2018.1.163/compilers_and_libraries_2018.1.163/linux/compiler/lib/intel64;/opt/intel/2018.1.163/compilers_and_libraries_2018.1.163/linux/ipp/lib/intel64;/opt/intel/2018.1.163/compilers_and_libraries_2018.1.163/linux/mkl/lib/intel64;/opt/intel/2018.1.163/compilers_and_libraries_2018.1.163/linux/tbb/lib/intel64/gcc4.4;/usr/lib/gcc/x86_64-redhat-linux/4.8.5;/usr/lib64;/lib64;/usr/lib;/lib]
  implicit fwks: []




Detecting C [-std=c11] compiler features compiled with the following output:
Change Dir: /home/axichen/ALPS_stuff/inverter_new/000build/CMakeFiles/CMakeTmp

Run Build Command:"/usr/bin/gmake" "cmTC_9465e/fast"
/usr/bin/gmake -f CMakeFiles/cmTC_9465e.dir/build.make CMakeFiles/cmTC_9465e.dir/build
gmake[1]: Entering directory `/home/axichen/ALPS_stuff/inverter_new/000build/CMakeFiles/CMakeTmp'
Building C object CMakeFiles/cmTC_9465e.dir/feature_tests.c.o
/opt/intel/2018.1.163/compilers_and_libraries_2018.1.163/linux/bin/intel64/icc   -std=c11 -o CMakeFiles/cmTC_9465e.dir/feature_tests.c.o   -c /home/axichen/ALPS_stuff/inverter_new/000build/CMakeFiles/feature_tests.c
Linking C executable cmTC_9465e
/opt/cmake/bin/cmake -E cmake_link_script CMakeFiles/cmTC_9465e.dir/link.txt --verbose=1
/opt/intel/2018.1.163/compilers_and_libraries_2018.1.163/linux/bin/intel64/icc      -rdynamic CMakeFiles/cmTC_9465e.dir/feature_tests.c.o  -o cmTC_9465e 
gmake[1]: Leaving directory `/home/axichen/ALPS_stuff/inverter_new/000build/CMakeFiles/CMakeTmp'


    Feature record: C_FEATURE:1c_function_prototypes
    Feature record: C_FEATURE:1c_restrict
    Feature record: C_FEATURE:1c_static_assert
    Feature record: C_FEATURE:1c_variadic_macros


Detecting C [-std=c99] compiler features compiled with the following output:
Change Dir: /home/axichen/ALPS_stuff/inverter_new/000build/CMakeFiles/CMakeTmp

Run Build Command:"/usr/bin/gmake" "cmTC_a2729/fast"
/usr/bin/gmake -f CMakeFiles/cmTC_a2729.dir/build.make CMakeFiles/cmTC_a2729.dir/build
gmake[1]: Entering directory `/home/axichen/ALPS_stuff/inverter_new/000build/CMakeFiles/CMakeTmp'
Building C object CMakeFiles/cmTC_a2729.dir/feature_tests.c.o
/opt/intel/2018.1.163/compilers_and_libraries_2018.1.163/linux/bin/intel64/icc   -std=c99 -o CMakeFiles/cmTC_a2729.dir/feature_tests.c.o   -c /home/axichen/ALPS_stuff/inverter_new/000build/CMakeFiles/feature_tests.c
Linking C executable cmTC_a2729
/opt/cmake/bin/cmake -E cmake_link_script CMakeFiles/cmTC_a2729.dir/link.txt --verbose=1
/opt/intel/2018.1.163/compilers_and_libraries_2018.1.163/linux/bin/intel64/icc      -rdynamic CMakeFiles/cmTC_a2729.dir/feature_tests.c.o  -o cmTC_a2729 
gmake[1]: Leaving directory `/home/axichen/ALPS_stuff/inverter_new/000build/CMakeFiles/CMakeTmp'


    Feature record: C_FEATURE:1c_function_prototypes
    Feature record: C_FEATURE:1c_restrict
    Feature record: C_FEATURE:1c_static_assert
    Feature record: C_FEATURE:1c_variadic_macros


Detecting C [-std=c89] compiler features compiled with the following output:
Change Dir: /home/axichen/ALPS_stuff/inverter_new/000build/CMakeFiles/CMakeTmp

Run Build Command:"/usr/bin/gmake" "cmTC_9d979/fast"
/usr/bin/gmake -f CMakeFiles/cmTC_9d979.dir/build.make CMakeFiles/cmTC_9d979.dir/build
gmake[1]: Entering directory `/home/axichen/ALPS_stuff/inverter_new/000build/CMakeFiles/CMakeTmp'
Building C object CMakeFiles/cmTC_9d979.dir/feature_tests.c.o
/opt/intel/2018.1.163/compilers_and_libraries_2018.1.163/linux/bin/intel64/icc   -std=c89 -o CMakeFiles/cmTC_9d979.dir/feature_tests.c.o   -c /home/axichen/ALPS_stuff/inverter_new/000build/CMakeFiles/feature_tests.c
Linking C executable cmTC_9d979
/opt/cmake/bin/cmake -E cmake_link_script CMakeFiles/cmTC_9d979.dir/link.txt --verbose=1
/opt/intel/2018.1.163/compilers_and_libraries_2018.1.163/linux/bin/intel64/icc      -rdynamic CMakeFiles/cmTC_9d979.dir/feature_tests.c.o  -o cmTC_9d979 
gmake[1]: Leaving directory `/home/axichen/ALPS_stuff/inverter_new/000build/CMakeFiles/CMakeTmp'


    Feature record: C_FEATURE:1c_function_prototypes
    Feature record: C_FEATURE:0c_restrict
    Feature record: C_FEATURE:0c_static_assert
    Feature record: C_FEATURE:0c_variadic_macros
Determining if the CXX compiler works passed with the following output:
Change Dir: /home/axichen/ALPS_stuff/inverter_new/000build/CMakeFiles/CMakeTmp

Run Build Command:"/usr/bin/gmake" "cmTC_74c2f/fast"
/usr/bin/gmake -f CMakeFiles/cmTC_74c2f.dir/build.make CMakeFiles/cmTC_74c2f.dir/build
gmake[1]: Entering directory `/home/axichen/ALPS_stuff/inverter_new/000build/CMakeFiles/CMakeTmp'
Building CXX object CMakeFiles/cmTC_74c2f.dir/testCXXCompiler.cxx.o
/opt/intel/2018.1.163/compilers_and_libraries_2018.1.163/linux/bin/intel64/icpc     -o CMakeFiles/cmTC_74c2f.dir/testCXXCompiler.cxx.o -c /home/axichen/ALPS_stuff/inverter_new/000build/CMakeFiles/CMakeTmp/testCXXCompiler.cxx
Linking CXX executable cmTC_74c2f
/opt/cmake/bin/cmake -E cmake_link_script CMakeFiles/cmTC_74c2f.dir/link.txt --verbose=1
/opt/intel/2018.1.163/compilers_and_libraries_2018.1.163/linux/bin/intel64/icpc       -rdynamic CMakeFiles/cmTC_74c2f.dir/testCXXCompiler.cxx.o  -o cmTC_74c2f 
gmake[1]: Leaving directory `/home/axichen/ALPS_stuff/inverter_new/000build/CMakeFiles/CMakeTmp'


Detecting CXX compiler ABI info compiled with the following output:
Change Dir: /home/axichen/ALPS_stuff/inverter_new/000build/CMakeFiles/CMakeTmp

Run Build Command:"/usr/bin/gmake" "cmTC_0fb65/fast"
/usr/bin/gmake -f CMakeFiles/cmTC_0fb65.dir/build.make CMakeFiles/cmTC_0fb65.dir/build
gmake[1]: Entering directory `/home/axichen/ALPS_stuff/inverter_new/000build/CMakeFiles/CMakeTmp'
Building CXX object CMakeFiles/cmTC_0fb65.dir/CMakeCXXCompilerABI.cpp.o
/opt/intel/2018.1.163/compilers_and_libraries_2018.1.163/linux/bin/intel64/icpc     -o CMakeFiles/cmTC_0fb65.dir/CMakeCXXCompilerABI.cpp.o -c /opt/cmake/share/cmake-3.9/Modules/CMakeCXXCompilerABI.cpp
Linking CXX executable cmTC_0fb65
/opt/cmake/bin/cmake -E cmake_link_script CMakeFiles/cmTC_0fb65.dir/link.txt --verbose=1
/opt/intel/2018.1.163/compilers_and_libraries_2018.1.163/linux/bin/intel64/icpc      -v -rdynamic CMakeFiles/cmTC_0fb65.dir/CMakeCXXCompilerABI.cpp.o  -o cmTC_0fb65 
icpc version 18.0.1 (gcc version 4.8.5 compatibility)
/opt/intel/2018.1.163/compilers_and_libraries_2018.1.163/linux/bin/intel64/mcpcom    -mGLOB_em64t=TRUE -mP1OPT_version=18.0-intel64 -mGLOB_diag_file=CMakeFiles/cmTC_0fb65.dir/CMakeCXXCompilerABI.cpp.diag -mGLOB_long_size_64 -mGLOB_routine_pointer_size_64 -mP1OPT_print_version=FALSE -mCG_use_gas_got_workaround=F -mP2OPT_align_option_used=TRUE -mGLOB_gcc_version=485 "-mGLOB_options_string=-v -rdynamic -o cmTC_0fb65" -mGLOB_cxx_limited_range=FALSE -mCG_extend_parms=FALSE -mGLOB_compiler_bin_directory=/opt/intel/2018.1.163/compilers_and_libraries_2018.1.163/linux/bin/intel64 -mGLOB_as_output_backup_file_name=/tmp/icpct2tmIIas_.s -mGLOB_dashboard_use_source_name -mIPOPT_activate -mGLOB_product_id_code=0x22006d8f -mP3OPT_use_mspp_call_convention -mP2OPT_subs_out_of_bound=FALSE -mP2OPT_disam_type_based_disam=2 -mP2OPT_disam_assume_ansi_c -mP2OPT_checked_disam_ansi_alias=TRUE -mGLOB_ansi_alias -mPGOPTI_value_profile_use=T -mGLOB_opt_report_use_source_name -mP2OPT_il0_array_sections=TRUE -mGLOB_offload_mode=1 -mP2OPT_offload_unique_var_string=icpc0592007249hytSKR -mP2OPT_hlo -mP2OPT_hpo_rtt_control=0 -mIPOPT_args_in_regs=0 -mP2OPT_disam_assume_nonstd_intent_in=FALSE -mGLOB_imf_mapping_library=/opt/intel/2018.1.163/compilers_and_libraries_2018.1.163/linux/bin/intel64/libiml_attr.so -mPGOPTI_gen_threadsafe_level=0 -mIPOPT_link -mIPOPT_ipo_activate -mIPOPT_mo_activate -mIPOPT_source_files_list=/tmp/icpcslisobOoxC -mIPOPT_mo_global_data -mIPOPT_link_script_file=/tmp/icpcscriptd7NJAE "-mIPOPT_cmdline_link="/usr/lib/gcc/x86_64-redhat-linux/4.8.5/../../../../lib64/crt1.o" "/usr/lib/gcc/x86_64-redhat-linux/4.8.5/../../../../lib64/crti.o" "/usr/lib/gcc/x86_64-redhat-linux/4.8.5/crtbegin.o" "-export-dynamic" "--eh-frame-hdr" "--build-id" "-dynamic-linker" "/lib64/ld-linux-x86-64.so.2" "-m" "elf_x86_64" "-o" "cmTC_0fb65" "-L/opt/intel/2018.1.163/compilers_and_libraries_2018.1.163/linux/compiler/lib/intel64_lin" "-L/opt/intel/2018.1.163/compilers_and_libraries_2018.1.163/linux/ipp/../compiler/lib/intel64" "-L/opt/intel/2018.1.163/compilers_and_libraries_2018.1.163/linux/ipp/lib/intel64" "-L/opt/intel/2018.1.163/compilers_and_libraries_2018.1.163/linux/mkl/lib/intel64" "-L/opt/intel/2018.1.163/compilers_and_libraries_2018.1.163/linux/tbb/lib/intel64/gcc4.4" "-L/opt/intel/2018.1.163/compilers_and_libraries_2018.1.163/linux/compiler/lib/intel64_lin" "-L/usr/lib/gcc/x86_64-redhat-linux/4.8.5/" "-L/usr/lib/gcc/x86_64-redhat-linux/4.8.5/../../../../lib64" "-L/usr/lib/gcc/x86_64-redhat-linux/4.8.5/../../../../lib64/" "-L/lib/../lib64" "-L/lib/../lib64/" "-L/usr/lib/../lib64" "-L/usr/lib/../lib64/" "-L/opt/intel/2018.1.163/compilers_and_libraries_2018.1.163/linux/compiler/lib/intel64_lin/" "-L/opt/intel/2018.1.163/compilers_and_libraries_2018.1.163/linux/compiler/lib/intel64/" "-L/opt/intel/2018.1.163/compilers_and_libraries_2018.1.163/linux/mkl/lib/intel64/" "-L/opt/intel/2018.1.163/compilers_and_libraries_2018.1.163/linux/tbb/lib/intel64/gcc4.4/" "-L/usr/lib/gcc/x86_64-redhat-linux/4.8.5/../../../" "-L/lib64" "-L/lib/" "-L/usr/lib64" "-L/usr/lib" "CMakeFiles/cmTC_0fb65.dir/CMakeCXXCompilerABI.cpp.o" "-Bdynamic" "-Bstatic" "-limf" "-lsvml" "-lirng" "-Bdynamic" "-lstdc++" "-lm" "-Bstatic" "-lipgo" "-ldecimal" "--as-needed" "-Bdynamic" "-lcilkrts" "--no-as-needed" "-lstdc++" "-lgcc" "-lgcc_s" "-Bstatic" "-lirc" "-lsvml" "-Bdynamic" "-lc" "-lgcc" "-lgcc_s" "-Bstatic" "-lirc_s" "-Bdynamic" "-ldl" "-lc" "/usr/lib/gcc/x86_64-redhat-linux/4.8.5/crtend.o" "/usr/lib/gcc/x86_64-redhat-linux/4.8.5/../../../../lib64/crtn.o"" -mIPOPT_il_in_obj -mIPOPT_ipo_activate_warn=FALSE -mIPOPT_obj_output_file_name=/tmp/ipo_icpcHr7tdq.o -mIPOPT_whole_archive_fixup_file_name=/tmp/icpcwarchXg60WO -mGLOB_linker_version=2.27 -mGLOB_driver_tempfile_name=/tmp/icpctempfileRXOB2Q -mP3OPT_asm_target=P3OPT_ASM_TARGET_GAS -mGLOB_async_unwind_tables=TRUE -mGLOB_obj_output_file=/tmp/ipo_icpcHr7tdq.o -mGLOB_source_dialect=GLOB_SOURCE_DIALECT_NONE -mP1OPT_source_file_name=ipo_out.c CMakeFiles/cmTC_0fb65.dir/CMakeCXXCompilerABI.cpp.o -mIPOPT_object_files=T -mIPOPT_assembly_files=/tmp/icpcalisoA35ju -mIPOPT_generated_tempfiles=/tmp/icpcelisI2kpnw -mIPOPT_embedded_object_base_name=/tmp/icpceobjbTyJqy -mIPOPT_cmdline_link_new_name=/tmp/icpcllisUZc4tA
ld    /usr/lib/gcc/x86_64-redhat-linux/4.8.5/../../../../lib64/crt1.o /usr/lib/gcc/x86_64-redhat-linux/4.8.5/../../../../lib64/crti.o /usr/lib/gcc/x86_64-redhat-linux/4.8.5/crtbegin.o -export-dynamic --eh-frame-hdr --build-id -dynamic-linker /lib64/ld-linux-x86-64.so.2 -m elf_x86_64 -o cmTC_0fb65 -L/opt/intel/2018.1.163/compilers_and_libraries_2018.1.163/linux/compiler/lib/intel64_lin -L/opt/intel/2018.1.163/compilers_and_libraries_2018.1.163/linux/ipp/../compiler/lib/intel64 -L/opt/intel/2018.1.163/compilers_and_libraries_2018.1.163/linux/ipp/lib/intel64 -L/opt/intel/2018.1.163/compilers_and_libraries_2018.1.163/linux/mkl/lib/intel64 -L/opt/intel/2018.1.163/compilers_and_libraries_2018.1.163/linux/tbb/lib/intel64/gcc4.4 -L/opt/intel/2018.1.163/compilers_and_libraries_2018.1.163/linux/compiler/lib/intel64_lin -L/usr/lib/gcc/x86_64-redhat-linux/4.8.5/ -L/usr/lib/gcc/x86_64-redhat-linux/4.8.5/../../../../lib64 -L/usr/lib/gcc/x86_64-redhat-linux/4.8.5/../../../../lib64/ -L/lib/../lib64 -L/lib/../lib64/ -L/usr/lib/../lib64 -L/usr/lib/../lib64/ -L/opt/intel/2018.1.163/compilers_and_libraries_2018.1.163/linux/compiler/lib/intel64_lin/ -L/opt/intel/2018.1.163/compilers_and_libraries_2018.1.163/linux/compiler/lib/intel64/ -L/opt/intel/2018.1.163/compilers_and_libraries_2018.1.163/linux/mkl/lib/intel64/ -L/opt/intel/2018.1.163/compilers_and_libraries_2018.1.163/linux/tbb/lib/intel64/gcc4.4/ -L/usr/lib/gcc/x86_64-redhat-linux/4.8.5/../../../ -L/lib64 -L/lib/ -L/usr/lib64 -L/usr/lib CMakeFiles/cmTC_0fb65.dir/CMakeCXXCompilerABI.cpp.o -Bdynamic -Bstatic -limf -lsvml -lirng -Bdynamic -lstdc++ -lm -Bstatic -lipgo -ldecimal --as-needed -Bdynamic -lcilkrts --no-as-needed -lstdc++ -lgcc -lgcc_s -Bstatic -lirc -lsvml -Bdynamic -lc -lgcc -lgcc_s -Bstatic -lirc_s -Bdynamic -ldl -lc /usr/lib/gcc/x86_64-redhat-linux/4.8.5/crtend.o /usr/lib/gcc/x86_64-redhat-linux/4.8.5/../../../../lib64/crtn.o
gmake[1]: Leaving directory `/home/axichen/ALPS_stuff/inverter_new/000build/CMakeFiles/CMakeTmp'


Parsed CXX implicit link information from above output:
  link line regex: [^( *|.*[/\])(ld|CMAKE_LINK_STARTFILE-NOTFOUND|([^/\]+-)?ld|collect2)[^/\]*( |$)]
  ignore line: [Change Dir: /home/axichen/ALPS_stuff/inverter_new/000build/CMakeFiles/CMakeTmp]
  ignore line: []
  ignore line: [Run Build Command:"/usr/bin/gmake" "cmTC_0fb65/fast"]
  ignore line: [/usr/bin/gmake -f CMakeFiles/cmTC_0fb65.dir/build.make CMakeFiles/cmTC_0fb65.dir/build]
  ignore line: [gmake[1]: Entering directory `/home/axichen/ALPS_stuff/inverter_new/000build/CMakeFiles/CMakeTmp']
  ignore line: [Building CXX object CMakeFiles/cmTC_0fb65.dir/CMakeCXXCompilerABI.cpp.o]
  ignore line: [/opt/intel/2018.1.163/compilers_and_libraries_2018.1.163/linux/bin/intel64/icpc     -o CMakeFiles/cmTC_0fb65.dir/CMakeCXXCompilerABI.cpp.o -c /opt/cmake/share/cmake-3.9/Modules/CMakeCXXCompilerABI.cpp]
  ignore line: [Linking CXX executable cmTC_0fb65]
  ignore line: [/opt/cmake/bin/cmake -E cmake_link_script CMakeFiles/cmTC_0fb65.dir/link.txt --verbose=1]
  ignore line: [/opt/intel/2018.1.163/compilers_and_libraries_2018.1.163/linux/bin/intel64/icpc      -v -rdynamic CMakeFiles/cmTC_0fb65.dir/CMakeCXXCompilerABI.cpp.o  -o cmTC_0fb65 ]
  ignore line: [icpc version 18.0.1 (gcc version 4.8.5 compatibility)]
  ignore line: [/opt/intel/2018.1.163/compilers_and_libraries_2018.1.163/linux/bin/intel64/mcpcom    -mGLOB_em64t=TRUE -mP1OPT_version=18.0-intel64 -mGLOB_diag_file=CMakeFiles/cmTC_0fb65.dir/CMakeCXXCompilerABI.cpp.diag -mGLOB_long_size_64 -mGLOB_routine_pointer_size_64 -mP1OPT_print_version=FALSE -mCG_use_gas_got_workaround=F -mP2OPT_align_option_used=TRUE -mGLOB_gcc_version=485 "-mGLOB_options_string=-v -rdynamic -o cmTC_0fb65" -mGLOB_cxx_limited_range=FALSE -mCG_extend_parms=FALSE -mGLOB_compiler_bin_directory=/opt/intel/2018.1.163/compilers_and_libraries_2018.1.163/linux/bin/intel64 -mGLOB_as_output_backup_file_name=/tmp/icpct2tmIIas_.s -mGLOB_dashboard_use_source_name -mIPOPT_activate -mGLOB_product_id_code=0x22006d8f -mP3OPT_use_mspp_call_convention -mP2OPT_subs_out_of_bound=FALSE -mP2OPT_disam_type_based_disam=2 -mP2OPT_disam_assume_ansi_c -mP2OPT_checked_disam_ansi_alias=TRUE -mGLOB_ansi_alias -mPGOPTI_value_profile_use=T -mGLOB_opt_report_use_source_name -mP2OPT_il0_array_sections=TRUE -mGLOB_offload_mode=1 -mP2OPT_offload_unique_var_string=icpc0592007249hytSKR -mP2OPT_hlo -mP2OPT_hpo_rtt_control=0 -mIPOPT_args_in_regs=0 -mP2OPT_disam_assume_nonstd_intent_in=FALSE -mGLOB_imf_mapping_library=/opt/intel/2018.1.163/compilers_and_libraries_2018.1.163/linux/bin/intel64/libiml_attr.so -mPGOPTI_gen_threadsafe_level=0 -mIPOPT_link -mIPOPT_ipo_activate -mIPOPT_mo_activate -mIPOPT_source_files_list=/tmp/icpcslisobOoxC -mIPOPT_mo_global_data -mIPOPT_link_script_file=/tmp/icpcscriptd7NJAE "-mIPOPT_cmdline_link="/usr/lib/gcc/x86_64-redhat-linux/4.8.5/../../../../lib64/crt1.o" "/usr/lib/gcc/x86_64-redhat-linux/4.8.5/../../../../lib64/crti.o" "/usr/lib/gcc/x86_64-redhat-linux/4.8.5/crtbegin.o" "-export-dynamic" "--eh-frame-hdr" "--build-id" "-dynamic-linker" "/lib64/ld-linux-x86-64.so.2" "-m" "elf_x86_64" "-o" "cmTC_0fb65" "-L/opt/intel/2018.1.163/compilers_and_libraries_2018.1.163/linux/compiler/lib/intel64_lin" "-L/opt/intel/2018.1.163/compilers_and_libraries_2018.1.163/linux/ipp/../compiler/lib/intel64" "-L/opt/intel/2018.1.163/compilers_and_libraries_2018.1.163/linux/ipp/lib/intel64" "-L/opt/intel/2018.1.163/compilers_and_libraries_2018.1.163/linux/mkl/lib/intel64" "-L/opt/intel/2018.1.163/compilers_and_libraries_2018.1.163/linux/tbb/lib/intel64/gcc4.4" "-L/opt/intel/2018.1.163/compilers_and_libraries_2018.1.163/linux/compiler/lib/intel64_lin" "-L/usr/lib/gcc/x86_64-redhat-linux/4.8.5/" "-L/usr/lib/gcc/x86_64-redhat-linux/4.8.5/../../../../lib64" "-L/usr/lib/gcc/x86_64-redhat-linux/4.8.5/../../../../lib64/" "-L/lib/../lib64" "-L/lib/../lib64/" "-L/usr/lib/../lib64" "-L/usr/lib/../lib64/" "-L/opt/intel/2018.1.163/compilers_and_libraries_2018.1.163/linux/compiler/lib/intel64_lin/" "-L/opt/intel/2018.1.163/compilers_and_libraries_2018.1.163/linux/compiler/lib/intel64/" "-L/opt/intel/2018.1.163/compilers_and_libraries_2018.1.163/linux/mkl/lib/intel64/" "-L/opt/intel/2018.1.163/compilers_and_libraries_2018.1.163/linux/tbb/lib/intel64/gcc4.4/" "-L/usr/lib/gcc/x86_64-redhat-linux/4.8.5/../../../" "-L/lib64" "-L/lib/" "-L/usr/lib64" "-L/usr/lib" "CMakeFiles/cmTC_0fb65.dir/CMakeCXXCompilerABI.cpp.o" "-Bdynamic" "-Bstatic" "-limf" "-lsvml" "-lirng" "-Bdynamic" "-lstdc++" "-lm" "-Bstatic" "-lipgo" "-ldecimal" "--as-needed" "-Bdynamic" "-lcilkrts" "--no-as-needed" "-lstdc++" "-lgcc" "-lgcc_s" "-Bstatic" "-lirc" "-lsvml" "-Bdynamic" "-lc" "-lgcc" "-lgcc_s" "-Bstatic" "-lirc_s" "-Bdynamic" "-ldl" "-lc" "/usr/lib/gcc/x86_64-redhat-linux/4.8.5/crtend.o" "/usr/lib/gcc/x86_64-redhat-linux/4.8.5/../../../../lib64/crtn.o"" -mIPOPT_il_in_obj -mIPOPT_ipo_activate_warn=FALSE -mIPOPT_obj_output_file_name=/tmp/ipo_icpcHr7tdq.o -mIPOPT_whole_archive_fixup_file_name=/tmp/icpcwarchXg60WO -mGLOB_linker_version=2.27 -mGLOB_driver_tempfile_name=/tmp/icpctempfileRXOB2Q -mP3OPT_asm_target=P3OPT_ASM_TARGET_GAS -mGLOB_async_unwind_tables=TRUE -mGLOB_obj_output_file=/tmp/ipo_icpcHr7tdq.o -mGLOB_source_dialect=GLOB_SOURCE_DIALECT_NONE -mP1OPT_source_file_name=ipo_out.c CMakeFiles/cmTC_0fb65.dir/CMakeCXXCompilerABI.cpp.o -mIPOPT_object_files=T -mIPOPT_assembly_files=/tmp/icpcalisoA35ju -mIPOPT_generated_tempfiles=/tmp/icpcelisI2kpnw -mIPOPT_embedded_object_base_name=/tmp/icpceobjbTyJqy -mIPOPT_cmdline_link_new_name=/tmp/icpcllisUZc4tA]
  link line: [ld    /usr/lib/gcc/x86_64-redhat-linux/4.8.5/../../../../lib64/crt1.o /usr/lib/gcc/x86_64-redhat-linux/4.8.5/../../../../lib64/crti.o /usr/lib/gcc/x86_64-redhat-linux/4.8.5/crtbegin.o -export-dynamic --eh-frame-hdr --build-id -dynamic-linker /lib64/ld-linux-x86-64.so.2 -m elf_x86_64 -o cmTC_0fb65 -L/opt/intel/2018.1.163/compilers_and_libraries_2018.1.163/linux/compiler/lib/intel64_lin -L/opt/intel/2018.1.163/compilers_and_libraries_2018.1.163/linux/ipp/../compiler/lib/intel64 -L/opt/intel/2018.1.163/compilers_and_libraries_2018.1.163/linux/ipp/lib/intel64 -L/opt/intel/2018.1.163/compilers_and_libraries_2018.1.163/linux/mkl/lib/intel64 -L/opt/intel/2018.1.163/compilers_and_libraries_2018.1.163/linux/tbb/lib/intel64/gcc4.4 -L/opt/intel/2018.1.163/compilers_and_libraries_2018.1.163/linux/compiler/lib/intel64_lin -L/usr/lib/gcc/x86_64-redhat-linux/4.8.5/ -L/usr/lib/gcc/x86_64-redhat-linux/4.8.5/../../../../lib64 -L/usr/lib/gcc/x86_64-redhat-linux/4.8.5/../../../../lib64/ -L/lib/../lib64 -L/lib/../lib64/ -L/usr/lib/../lib64 -L/usr/lib/../lib64/ -L/opt/intel/2018.1.163/compilers_and_libraries_2018.1.163/linux/compiler/lib/intel64_lin/ -L/opt/intel/2018.1.163/compilers_and_libraries_2018.1.163/linux/compiler/lib/intel64/ -L/opt/intel/2018.1.163/compilers_and_libraries_2018.1.163/linux/mkl/lib/intel64/ -L/opt/intel/2018.1.163/compilers_and_libraries_2018.1.163/linux/tbb/lib/intel64/gcc4.4/ -L/usr/lib/gcc/x86_64-redhat-linux/4.8.5/../../../ -L/lib64 -L/lib/ -L/usr/lib64 -L/usr/lib CMakeFiles/cmTC_0fb65.dir/CMakeCXXCompilerABI.cpp.o -Bdynamic -Bstatic -limf -lsvml -lirng -Bdynamic -lstdc++ -lm -Bstatic -lipgo -ldecimal --as-needed -Bdynamic -lcilkrts --no-as-needed -lstdc++ -lgcc -lgcc_s -Bstatic -lirc -lsvml -Bdynamic -lc -lgcc -lgcc_s -Bstatic -lirc_s -Bdynamic -ldl -lc /usr/lib/gcc/x86_64-redhat-linux/4.8.5/crtend.o /usr/lib/gcc/x86_64-redhat-linux/4.8.5/../../../../lib64/crtn.o]
    arg [ld] ==> ignore
    arg [/usr/lib/gcc/x86_64-redhat-linux/4.8.5/../../../../lib64/crt1.o] ==> ignore
    arg [/usr/lib/gcc/x86_64-redhat-linux/4.8.5/../../../../lib64/crti.o] ==> ignore
    arg [/usr/lib/gcc/x86_64-redhat-linux/4.8.5/crtbegin.o] ==> ignore
    arg [-export-dynamic] ==> ignore
    arg [--eh-frame-hdr] ==> ignore
    arg [--build-id] ==> ignore
    arg [-dynamic-linker] ==> ignore
    arg [/lib64/ld-linux-x86-64.so.2] ==> ignore
    arg [-m] ==> ignore
    arg [elf_x86_64] ==> ignore
    arg [-o] ==> ignore
    arg [cmTC_0fb65] ==> ignore
    arg [-L/opt/intel/2018.1.163/compilers_and_libraries_2018.1.163/linux/compiler/lib/intel64_lin] ==> dir [/opt/intel/2018.1.163/compilers_and_libraries_2018.1.163/linux/compiler/lib/intel64_lin]
    arg [-L/opt/intel/2018.1.163/compilers_and_libraries_2018.1.163/linux/ipp/../compiler/lib/intel64] ==> dir [/opt/intel/2018.1.163/compilers_and_libraries_2018.1.163/linux/ipp/../compiler/lib/intel64]
    arg [-L/opt/intel/2018.1.163/compilers_and_libraries_2018.1.163/linux/ipp/lib/intel64] ==> dir [/opt/intel/2018.1.163/compilers_and_libraries_2018.1.163/linux/ipp/lib/intel64]
    arg [-L/opt/intel/2018.1.163/compilers_and_libraries_2018.1.163/linux/mkl/lib/intel64] ==> dir [/opt/intel/2018.1.163/compilers_and_libraries_2018.1.163/linux/mkl/lib/intel64]
    arg [-L/opt/intel/2018.1.163/compilers_and_libraries_2018.1.163/linux/tbb/lib/intel64/gcc4.4] ==> dir [/opt/intel/2018.1.163/compilers_and_libraries_2018.1.163/linux/tbb/lib/intel64/gcc4.4]
    arg [-L/opt/intel/2018.1.163/compilers_and_libraries_2018.1.163/linux/compiler/lib/intel64_lin] ==> dir [/opt/intel/2018.1.163/compilers_and_libraries_2018.1.163/linux/compiler/lib/intel64_lin]
    arg [-L/usr/lib/gcc/x86_64-redhat-linux/4.8.5/] ==> dir [/usr/lib/gcc/x86_64-redhat-linux/4.8.5/]
    arg [-L/usr/lib/gcc/x86_64-redhat-linux/4.8.5/../../../../lib64] ==> dir [/usr/lib/gcc/x86_64-redhat-linux/4.8.5/../../../../lib64]
    arg [-L/usr/lib/gcc/x86_64-redhat-linux/4.8.5/../../../../lib64/] ==> dir [/usr/lib/gcc/x86_64-redhat-linux/4.8.5/../../../../lib64/]
    arg [-L/lib/../lib64] ==> dir [/lib/../lib64]
    arg [-L/lib/../lib64/] ==> dir [/lib/../lib64/]
    arg [-L/usr/lib/../lib64] ==> dir [/usr/lib/../lib64]
    arg [-L/usr/lib/../lib64/] ==> dir [/usr/lib/../lib64/]
    arg [-L/opt/intel/2018.1.163/compilers_and_libraries_2018.1.163/linux/compiler/lib/intel64_lin/] ==> dir [/opt/intel/2018.1.163/compilers_and_libraries_2018.1.163/linux/compiler/lib/intel64_lin/]
    arg [-L/opt/intel/2018.1.163/compilers_and_libraries_2018.1.163/linux/compiler/lib/intel64/] ==> dir [/opt/intel/2018.1.163/compilers_and_libraries_2018.1.163/linux/compiler/lib/intel64/]
    arg [-L/opt/intel/2018.1.163/compilers_and_libraries_2018.1.163/linux/mkl/lib/intel64/] ==> dir [/opt/intel/2018.1.163/compilers_and_libraries_2018.1.163/linux/mkl/lib/intel64/]
    arg [-L/opt/intel/2018.1.163/compilers_and_libraries_2018.1.163/linux/tbb/lib/intel64/gcc4.4/] ==> dir [/opt/intel/2018.1.163/compilers_and_libraries_2018.1.163/linux/tbb/lib/intel64/gcc4.4/]
    arg [-L/usr/lib/gcc/x86_64-redhat-linux/4.8.5/../../../] ==> dir [/usr/lib/gcc/x86_64-redhat-linux/4.8.5/../../../]
    arg [-L/lib64] ==> dir [/lib64]
    arg [-L/lib/] ==> dir [/lib/]
    arg [-L/usr/lib64] ==> dir [/usr/lib64]
    arg [-L/usr/lib] ==> dir [/usr/lib]
    arg [CMakeFiles/cmTC_0fb65.dir/CMakeCXXCompilerABI.cpp.o] ==> ignore
    arg [-Bdynamic] ==> ignore
    arg [-Bstatic] ==> ignore
    arg [-limf] ==> lib [imf]
    arg [-lsvml] ==> lib [svml]
    arg [-lirng] ==> lib [irng]
    arg [-Bdynamic] ==> ignore
    arg [-lstdc++] ==> lib [stdc++]
    arg [-lm] ==> lib [m]
    arg [-Bstatic] ==> ignore
    arg [-lipgo] ==> lib [ipgo]
    arg [-ldecimal] ==> lib [decimal]
    arg [--as-needed] ==> ignore
    arg [-Bdynamic] ==> ignore
    arg [-lcilkrts] ==> lib [cilkrts]
    arg [--no-as-needed] ==> ignore
    arg [-lstdc++] ==> lib [stdc++]
    arg [-lgcc] ==> lib [gcc]
    arg [-lgcc_s] ==> lib [gcc_s]
    arg [-Bstatic] ==> ignore
    arg [-lirc] ==> lib [irc]
    arg [-lsvml] ==> lib [svml]
    arg [-Bdynamic] ==> ignore
    arg [-lc] ==> lib [c]
    arg [-lgcc] ==> lib [gcc]
    arg [-lgcc_s] ==> lib [gcc_s]
    arg [-Bstatic] ==> ignore
    arg [-lirc_s] ==> lib [irc_s]
    arg [-Bdynamic] ==> ignore
    arg [-ldl] ==> lib [dl]
    arg [-lc] ==> lib [c]
    arg [/usr/lib/gcc/x86_64-redhat-linux/4.8.5/crtend.o] ==> ignore
    arg [/usr/lib/gcc/x86_64-redhat-linux/4.8.5/../../../../lib64/crtn.o] ==> ignore
  collapse library dir [/opt/intel/2018.1.163/compilers_and_libraries_2018.1.163/linux/compiler/lib/intel64_lin] ==> [/opt/intel/2018.1.163/compilers_and_libraries_2018.1.163/linux/compiler/lib/intel64_lin]
  collapse library dir [/opt/intel/2018.1.163/compilers_and_libraries_2018.1.163/linux/ipp/../compiler/lib/intel64] ==> [/opt/intel/2018.1.163/compilers_and_libraries_2018.1.163/linux/compiler/lib/intel64]
  collapse library dir [/opt/intel/2018.1.163/compilers_and_libraries_2018.1.163/linux/ipp/lib/intel64] ==> [/opt/intel/2018.1.163/compilers_and_libraries_2018.1.163/linux/ipp/lib/intel64]
  collapse library dir [/opt/intel/2018.1.163/compilers_and_libraries_2018.1.163/linux/mkl/lib/intel64] ==> [/opt/intel/2018.1.163/compilers_and_libraries_2018.1.163/linux/mkl/lib/intel64]
  collapse library dir [/opt/intel/2018.1.163/compilers_and_libraries_2018.1.163/linux/tbb/lib/intel64/gcc4.4] ==> [/opt/intel/2018.1.163/compilers_and_libraries_2018.1.163/linux/tbb/lib/intel64/gcc4.4]
  collapse library dir [/opt/intel/2018.1.163/compilers_and_libraries_2018.1.163/linux/compiler/lib/intel64_lin] ==> [/opt/intel/2018.1.163/compilers_and_libraries_2018.1.163/linux/compiler/lib/intel64_lin]
  collapse library dir [/usr/lib/gcc/x86_64-redhat-linux/4.8.5/] ==> [/usr/lib/gcc/x86_64-redhat-linux/4.8.5]
  collapse library dir [/usr/lib/gcc/x86_64-redhat-linux/4.8.5/../../../../lib64] ==> [/usr/lib64]
  collapse library dir [/usr/lib/gcc/x86_64-redhat-linux/4.8.5/../../../../lib64/] ==> [/usr/lib64]
  collapse library dir [/lib/../lib64] ==> [/lib64]
  collapse library dir [/lib/../lib64/] ==> [/lib64]
  collapse library dir [/usr/lib/../lib64] ==> [/usr/lib64]
  collapse library dir [/usr/lib/../lib64/] ==> [/usr/lib64]
  collapse library dir [/opt/intel/2018.1.163/compilers_and_libraries_2018.1.163/linux/compiler/lib/intel64_lin/] ==> [/opt/intel/2018.1.163/compilers_and_libraries_2018.1.163/linux/compiler/lib/intel64_lin]
  collapse library dir [/opt/intel/2018.1.163/compilers_and_libraries_2018.1.163/linux/compiler/lib/intel64/] ==> [/opt/intel/2018.1.163/compilers_and_libraries_2018.1.163/linux/compiler/lib/intel64]
  collapse library dir [/opt/intel/2018.1.163/compilers_and_libraries_2018.1.163/linux/mkl/lib/intel64/] ==> [/opt/intel/2018.1.163/compilers_and_libraries_2018.1.163/linux/mkl/lib/intel64]
  collapse library dir [/opt/intel/2018.1.163/compilers_and_libraries_2018.1.163/linux/tbb/lib/intel64/gcc4.4/] ==> [/opt/intel/2018.1.163/compilers_and_libraries_2018.1.163/linux/tbb/lib/intel64/gcc4.4]
  collapse library dir [/usr/lib/gcc/x86_64-redhat-linux/4.8.5/../../../] ==> [/usr/lib]
  collapse library dir [/lib64] ==> [/lib64]
  collapse library dir [/lib/] ==> [/lib]
  collapse library dir [/usr/lib64] ==> [/usr/lib64]
  collapse library dir [/usr/lib] ==> [/usr/lib]
  implicit libs: [imf;svml;irng;stdc++;m;ipgo;decimal;cilkrts;stdc++;gcc;gcc_s;irc;svml;c;gcc;gcc_s;irc_s;dl;c]
  implicit dirs: [/opt/intel/2018.1.163/compilers_and_libraries_2018.1.163/linux/compiler/lib/intel64_lin;/opt/intel/2018.1.163/compilers_and_libraries_2018.1.163/linux/compiler/lib/intel64;/opt/intel/2018.1.163/compilers_and_libraries_2018.1.163/linux/ipp/lib/intel64;/opt/intel/2018.1.163/compilers_and_libraries_2018.1.163/linux/mkl/lib/intel64;/opt/intel/2018.1.163/compilers_and_libraries_2018.1.163/linux/tbb/lib/intel64/gcc4.4;/usr/lib/gcc/x86_64-redhat-linux/4.8.5;/usr/lib64;/lib64;/usr/lib;/lib]
  implicit fwks: []




Detecting CXX [-std=c++14] compiler features compiled with the following output:
Change Dir: /home/axichen/ALPS_stuff/inverter_new/000build/CMakeFiles/CMakeTmp

Run Build Command:"/usr/bin/gmake" "cmTC_d9d43/fast"
/usr/bin/gmake -f CMakeFiles/cmTC_d9d43.dir/build.make CMakeFiles/cmTC_d9d43.dir/build
gmake[1]: Entering directory `/home/axichen/ALPS_stuff/inverter_new/000build/CMakeFiles/CMakeTmp'
Building CXX object CMakeFiles/cmTC_d9d43.dir/feature_tests.cxx.o
/opt/intel/2018.1.163/compilers_and_libraries_2018.1.163/linux/bin/intel64/icpc    -std=c++14 -o CMakeFiles/cmTC_d9d43.dir/feature_tests.cxx.o -c /home/axichen/ALPS_stuff/inverter_new/000build/CMakeFiles/feature_tests.cxx
Linking CXX executable cmTC_d9d43
/opt/cmake/bin/cmake -E cmake_link_script CMakeFiles/cmTC_d9d43.dir/link.txt --verbose=1
/opt/intel/2018.1.163/compilers_and_libraries_2018.1.163/linux/bin/intel64/icpc       -rdynamic CMakeFiles/cmTC_d9d43.dir/feature_tests.cxx.o  -o cmTC_d9d43 
gmake[1]: Leaving directory `/home/axichen/ALPS_stuff/inverter_new/000build/CMakeFiles/CMakeTmp'


    Feature record: CXX_FEATURE:1cxx_aggregate_default_initializers
    Feature record: CXX_FEATURE:1cxx_alias_templates
    Feature record: CXX_FEATURE:1cxx_alignas
    Feature record: CXX_FEATURE:1cxx_alignof
    Feature record: CXX_FEATURE:1cxx_attributes
    Feature record: CXX_FEATURE:1cxx_attribute_deprecated
    Feature record: CXX_FEATURE:1cxx_auto_type
    Feature record: CXX_FEATURE:1cxx_binary_literals
    Feature record: CXX_FEATURE:1cxx_constexpr
    Feature record: CXX_FEATURE:1cxx_contextual_conversions
    Feature record: CXX_FEATURE:1cxx_decltype
    Feature record: CXX_FEATURE:1cxx_decltype_auto
    Feature record: CXX_FEATURE:1cxx_decltype_incomplete_return_types
    Feature record: CXX_FEATURE:1cxx_default_function_template_args
    Feature record: CXX_FEATURE:1cxx_defaulted_functions
    Feature record: CXX_FEATURE:1cxx_defaulted_move_initializers
    Feature record: CXX_FEATURE:1cxx_delegating_constructors
    Feature record: CXX_FEATURE:1cxx_deleted_functions
    Feature record: CXX_FEATURE:1cxx_digit_separators
    Feature record: CXX_FEATURE:1cxx_enum_forward_declarations
    Feature record: CXX_FEATURE:1cxx_explicit_conversions
    Feature record: CXX_FEATURE:1cxx_extended_friend_declarations
    Feature record: CXX_FEATURE:1cxx_extern_templates
    Feature record: CXX_FEATURE:1cxx_final
    Feature record: CXX_FEATURE:1cxx_func_identifier
    Feature record: CXX_FEATURE:1cxx_generic_lambdas
    Feature record: CXX_FEATURE:1cxx_inheriting_constructors
    Feature record: CXX_FEATURE:1cxx_inline_namespaces
    Feature record: CXX_FEATURE:1cxx_lambdas
    Feature record: CXX_FEATURE:1cxx_lambda_init_captures
    Feature record: CXX_FEATURE:1cxx_local_type_template_args
    Feature record: CXX_FEATURE:1cxx_long_long_type
    Feature record: CXX_FEATURE:1cxx_noexcept
    Feature record: CXX_FEATURE:1cxx_nonstatic_member_init
    Feature record: CXX_FEATURE:1cxx_nullptr
    Feature record: CXX_FEATURE:1cxx_override
    Feature record: CXX_FEATURE:1cxx_range_for
    Feature record: CXX_FEATURE:1cxx_raw_string_literals
    Feature record: CXX_FEATURE:1cxx_reference_qualified_functions
    Feature record: CXX_FEATURE:1cxx_relaxed_constexpr
    Feature record: CXX_FEATURE:1cxx_return_type_deduction
    Feature record: CXX_FEATURE:1cxx_right_angle_brackets
    Feature record: CXX_FEATURE:1cxx_rvalue_references
    Feature record: CXX_FEATURE:1cxx_sizeof_member
    Feature record: CXX_FEATURE:1cxx_static_assert
    Feature record: CXX_FEATURE:1cxx_strong_enums
    Feature record: CXX_FEATURE:1cxx_template_template_parameters
    Feature record: CXX_FEATURE:1cxx_thread_local
    Feature record: CXX_FEATURE:1cxx_trailing_return_types
    Feature record: CXX_FEATURE:1cxx_unicode_literals
    Feature record: CXX_FEATURE:1cxx_uniform_initialization
    Feature record: CXX_FEATURE:1cxx_unrestricted_unions
    Feature record: CXX_FEATURE:1cxx_user_literals
    Feature record: CXX_FEATURE:1cxx_variable_templates
    Feature record: CXX_FEATURE:1cxx_variadic_macros
    Feature record: CXX_FEATURE:1cxx_variadic_templates


Detecting CXX [-std=c++11] compiler features compiled with the following output:
Change Dir: /home/axichen/ALPS_stuff/inverter_new/000build/CMakeFiles/CMakeTmp

Run Build Command:"/usr/bin/gmake" "cmTC_6912f/fast"
/usr/bin/gmake -f CMakeFiles/cmTC_6912f.dir/build.make CMakeFiles/cmTC_6912f.dir/build
gmake[1]: Entering directory `/home/axichen/ALPS_stuff/inverter_new/000build/CMakeFiles/CMakeTmp'
Building CXX object CMakeFiles/cmTC_6912f.dir/feature_tests.cxx.o
/opt/intel/2018.1.163/compilers_and_libraries_2018.1.163/linux/bin/intel64/icpc    -std=c++11 -o CMakeFiles/cmTC_6912f.dir/feature_tests.cxx.o -c /home/axichen/ALPS_stuff/inverter_new/000build/CMakeFiles/feature_tests.cxx
Linking CXX executable cmTC_6912f
/opt/cmake/bin/cmake -E cmake_link_script CMakeFiles/cmTC_6912f.dir/link.txt --verbose=1
/opt/intel/2018.1.163/compilers_and_libraries_2018.1.163/linux/bin/intel64/icpc       -rdynamic CMakeFiles/cmTC_6912f.dir/feature_tests.cxx.o  -o cmTC_6912f 
gmake[1]: Leaving directory `/home/axichen/ALPS_stuff/inverter_new/000build/CMakeFiles/CMakeTmp'


    Feature record: CXX_FEATURE:0cxx_aggregate_default_initializers
    Feature record: CXX_FEATURE:1cxx_alias_templates
    Feature record: CXX_FEATURE:1cxx_alignas
    Feature record: CXX_FEATURE:1cxx_alignof
    Feature record: CXX_FEATURE:1cxx_attributes
    Feature record: CXX_FEATURE:0cxx_attribute_deprecated
    Feature record: CXX_FEATURE:1cxx_auto_type
    Feature record: CXX_FEATURE:1cxx_binary_literals
    Feature record: CXX_FEATURE:1cxx_constexpr
    Feature record: CXX_FEATURE:0cxx_contextual_conversions
    Feature record: CXX_FEATURE:1cxx_decltype
    Feature record: CXX_FEATURE:0cxx_decltype_auto
    Feature record: CXX_FEATURE:1cxx_decltype_incomplete_return_types
    Feature record: CXX_FEATURE:1cxx_default_function_template_args
    Feature record: CXX_FEATURE:1cxx_defaulted_functions
    Feature record: CXX_FEATURE:1cxx_defaulted_move_initializers
    Feature record: CXX_FEATURE:1cxx_delegating_constructors
    Feature record: CXX_FEATURE:1cxx_deleted_functions
    Feature record: CXX_FEATURE:0cxx_digit_separators
    Feature record: CXX_FEATURE:1cxx_enum_forward_declarations
    Feature record: CXX_FEATURE:1cxx_explicit_conversions
    Feature record: CXX_FEATURE:1cxx_extended_friend_declarations
    Feature record: CXX_FEATURE:1cxx_extern_templates
    Feature record: CXX_FEATURE:1cxx_final
    Feature record: CXX_FEATURE:1cxx_func_identifier
    Feature record: CXX_FEATURE:0cxx_generic_lambdas
    Feature record: CXX_FEATURE:1cxx_inheriting_constructors
    Feature record: CXX_FEATURE:1cxx_inline_namespaces
    Feature record: CXX_FEATURE:1cxx_lambdas
    Feature record: CXX_FEATURE:0cxx_lambda_init_captures
    Feature record: CXX_FEATURE:1cxx_local_type_template_args
    Feature record: CXX_FEATURE:1cxx_long_long_type
    Feature record: CXX_FEATURE:1cxx_noexcept
    Feature record: CXX_FEATURE:1cxx_nonstatic_member_init
    Feature record: CXX_FEATURE:1cxx_nullptr
    Feature record: CXX_FEATURE:1cxx_override
    Feature record: CXX_FEATURE:1cxx_range_for
    Feature record: CXX_FEATURE:1cxx_raw_string_literals
    Feature record: CXX_FEATURE:1cxx_reference_qualified_functions
    Feature record: CXX_FEATURE:0cxx_relaxed_constexpr
    Feature record: CXX_FEATURE:1cxx_return_type_deduction
    Feature record: CXX_FEATURE:1cxx_right_angle_brackets
    Feature record: CXX_FEATURE:1cxx_rvalue_references
    Feature record: CXX_FEATURE:1cxx_sizeof_member
    Feature record: CXX_FEATURE:1cxx_static_assert
    Feature record: CXX_FEATURE:1cxx_strong_enums
    Feature record: CXX_FEATURE:1cxx_template_template_parameters
    Feature record: CXX_FEATURE:1cxx_thread_local
    Feature record: CXX_FEATURE:1cxx_trailing_return_types
    Feature record: CXX_FEATURE:1cxx_unicode_literals
    Feature record: CXX_FEATURE:1cxx_uniform_initialization
    Feature record: CXX_FEATURE:1cxx_unrestricted_unions
    Feature record: CXX_FEATURE:1cxx_user_literals
    Feature record: CXX_FEATURE:0cxx_variable_templates
    Feature record: CXX_FEATURE:1cxx_variadic_macros
    Feature record: CXX_FEATURE:1cxx_variadic_templates


Detecting CXX [-std=c++98] compiler features compiled with the following output:
Change Dir: /home/axichen/ALPS_stuff/inverter_new/000build/CMakeFiles/CMakeTmp

Run Build Command:"/usr/bin/gmake" "cmTC_73a4c/fast"
/usr/bin/gmake -f CMakeFiles/cmTC_73a4c.dir/build.make CMakeFiles/cmTC_73a4c.dir/build
gmake[1]: Entering directory `/home/axichen/ALPS_stuff/inverter_new/000build/CMakeFiles/CMakeTmp'
Building CXX object CMakeFiles/cmTC_73a4c.dir/feature_tests.cxx.o
/opt/intel/2018.1.163/compilers_and_libraries_2018.1.163/linux/bin/intel64/icpc    -std=c++98 -o CMakeFiles/cmTC_73a4c.dir/feature_tests.cxx.o -c /home/axichen/ALPS_stuff/inverter_new/000build/CMakeFiles/feature_tests.cxx
Linking CXX executable cmTC_73a4c
/opt/cmake/bin/cmake -E cmake_link_script CMakeFiles/cmTC_73a4c.dir/link.txt --verbose=1
/opt/intel/2018.1.163/compilers_and_libraries_2018.1.163/linux/bin/intel64/icpc       -rdynamic CMakeFiles/cmTC_73a4c.dir/feature_tests.cxx.o  -o cmTC_73a4c 
gmake[1]: Leaving directory `/home/axichen/ALPS_stuff/inverter_new/000build/CMakeFiles/CMakeTmp'


    Feature record: CXX_FEATURE:0cxx_aggregate_default_initializers
    Feature record: CXX_FEATURE:0cxx_alias_templates
    Feature record: CXX_FEATURE:0cxx_alignas
    Feature record: CXX_FEATURE:0cxx_alignof
    Feature record: CXX_FEATURE:0cxx_attributes
    Feature record: CXX_FEATURE:0cxx_attribute_deprecated
    Feature record: CXX_FEATURE:0cxx_auto_type
    Feature record: CXX_FEATURE:1cxx_binary_literals
    Feature record: CXX_FEATURE:0cxx_constexpr
    Feature record: CXX_FEATURE:0cxx_contextual_conversions
    Feature record: CXX_FEATURE:0cxx_decltype
    Feature record: CXX_FEATURE:0cxx_decltype_auto
    Feature record: CXX_FEATURE:0cxx_decltype_incomplete_return_types
    Feature record: CXX_FEATURE:0cxx_default_function_template_args
    Feature record: CXX_FEATURE:0cxx_defaulted_functions
    Feature record: CXX_FEATURE:0cxx_defaulted_move_initializers
    Feature record: CXX_FEATURE:0cxx_delegating_constructors
    Feature record: CXX_FEATURE:0cxx_deleted_functions
    Feature record: CXX_FEATURE:0cxx_digit_separators
    Feature record: CXX_FEATURE:0cxx_enum_forward_declarations
    Feature record: CXX_FEATURE:0cxx_explicit_conversions
    Feature record: CXX_FEATURE:0cxx_extended_friend_declarations
    Feature record: CXX_FEATURE:0cxx_extern_templates
    Feature record: CXX_FEATURE:0cxx_final
    Feature record: CXX_FEATURE:0cxx_func_identifier
    Feature record: CXX_FEATURE:0cxx_generic_lambdas
    Feature record: CXX_FEATURE:0cxx_inheriting_constructors
    Feature record: CXX_FEATURE:0cxx_inline_namespaces
    Feature record: CXX_FEATURE:0cxx_lambdas
    Feature record: CXX_FEATURE:0cxx_lambda_init_captures
    Feature record: CXX_FEATURE:0cxx_local_type_template_args
    Feature record: CXX_FEATURE:0cxx_long_long_type
    Feature record: CXX_FEATURE:0cxx_noexcept
    Feature record: CXX_FEATURE:0cxx_nonstatic_member_init
    Feature record: CXX_FEATURE:0cxx_nullptr
    Feature record: CXX_FEATURE:0cxx_override
    Feature record: CXX_FEATURE:0cxx_range_for
    Feature record: CXX_FEATURE:0cxx_raw_string_literals
    Feature record: CXX_FEATURE:0cxx_reference_qualified_functions
    Feature record: CXX_FEATURE:0cxx_relaxed_constexpr
    Feature record: CXX_FEATURE:0cxx_return_type_deduction
    Feature record: CXX_FEATURE:0cxx_right_angle_brackets
    Feature record: CXX_FEATURE:0cxx_rvalue_references
    Feature record: CXX_FEATURE:0cxx_sizeof_member
    Feature record: CXX_FEATURE:0cxx_static_assert
    Feature record: CXX_FEATURE:0cxx_strong_enums
    Feature record: CXX_FEATURE:0cxx_template_template_parameters
    Feature record: CXX_FEATURE:0cxx_thread_local
    Feature record: CXX_FEATURE:0cxx_trailing_return_types
    Feature record: CXX_FEATURE:0cxx_unicode_literals
    Feature record: CXX_FEATURE:0cxx_uniform_initialization
    Feature record: CXX_FEATURE:0cxx_unrestricted_unions
    Feature record: CXX_FEATURE:0cxx_user_literals
    Feature record: CXX_FEATURE:0cxx_variable_templates
    Feature record: CXX_FEATURE:0cxx_variadic_macros
    Feature record: CXX_FEATURE:0cxx_variadic_templates
Determining if the include file pthread.h exists passed with the following output:
Change Dir: /home/axichen/ALPS_stuff/inverter_new/000build/CMakeFiles/CMakeTmp

Run Build Command:"/usr/bin/gmake" "cmTC_8c0a8/fast"
/usr/bin/gmake -f CMakeFiles/cmTC_8c0a8.dir/build.make CMakeFiles/cmTC_8c0a8.dir/build
gmake[1]: Entering directory `/home/axichen/ALPS_stuff/inverter_new/000build/CMakeFiles/CMakeTmp'
Building C object CMakeFiles/cmTC_8c0a8.dir/CheckIncludeFile.c.o
/opt/intel/2018.1.163/compilers_and_libraries_2018.1.163/linux/bin/intel64/icc    -o CMakeFiles/cmTC_8c0a8.dir/CheckIncludeFile.c.o   -c /home/axichen/ALPS_stuff/inverter_new/000build/CMakeFiles/CMakeTmp/CheckIncludeFile.c
Linking C executable cmTC_8c0a8
/opt/cmake/bin/cmake -E cmake_link_script CMakeFiles/cmTC_8c0a8.dir/link.txt --verbose=1
/opt/intel/2018.1.163/compilers_and_libraries_2018.1.163/linux/bin/intel64/icc      -rdynamic CMakeFiles/cmTC_8c0a8.dir/CheckIncludeFile.c.o  -o cmTC_8c0a8 
gmake[1]: Leaving directory `/home/axichen/ALPS_stuff/inverter_new/000build/CMakeFiles/CMakeTmp'


Determining if the function pthread_create exists in the pthread passed with the following output:
Change Dir: /home/axichen/ALPS_stuff/inverter_new/000build/CMakeFiles/CMakeTmp

Run Build Command:"/usr/bin/gmake" "cmTC_5bcde/fast"
/usr/bin/gmake -f CMakeFiles/cmTC_5bcde.dir/build.make CMakeFiles/cmTC_5bcde.dir/build
gmake[1]: Entering directory `/home/axichen/ALPS_stuff/inverter_new/000build/CMakeFiles/CMakeTmp'
Building C object CMakeFiles/cmTC_5bcde.dir/CheckFunctionExists.c.o
/opt/intel/2018.1.163/compilers_and_libraries_2018.1.163/linux/bin/intel64/icc   -DCHECK_FUNCTION_EXISTS=pthread_create   -o CMakeFiles/cmTC_5bcde.dir/CheckFunctionExists.c.o   -c /opt/cmake/share/cmake-3.9/Modules/CheckFunctionExists.c
Linking C executable cmTC_5bcde
/opt/cmake/bin/cmake -E cmake_link_script CMakeFiles/cmTC_5bcde.dir/link.txt --verbose=1
/opt/intel/2018.1.163/compilers_and_libraries_2018.1.163/linux/bin/intel64/icc  -DCHECK_FUNCTION_EXISTS=pthread_create    -rdynamic CMakeFiles/cmTC_5bcde.dir/CheckFunctionExists.c.o  -o cmTC_5bcde -lpthread 
gmake[1]: Leaving directory `/home/axichen/ALPS_stuff/inverter_new/000build/CMakeFiles/CMakeTmp'


Determining if the function sgemm_ exists passed with the following output:
Change Dir: /home/axichen/ALPS_stuff/inverter_new/000build/CMakeFiles/CMakeTmp

Run Build Command:"/usr/bin/gmake" "cmTC_04f6f/fast"
/usr/bin/gmake -f CMakeFiles/cmTC_04f6f.dir/build.make CMakeFiles/cmTC_04f6f.dir/build
gmake[1]: Entering directory `/home/axichen/ALPS_stuff/inverter_new/000build/CMakeFiles/CMakeTmp'
Building C object CMakeFiles/cmTC_04f6f.dir/CheckFunctionExists.c.o
/opt/intel/2018.1.163/compilers_and_libraries_2018.1.163/linux/bin/intel64/icc   -DCHECK_FUNCTION_EXISTS=sgemm_   -o CMakeFiles/cmTC_04f6f.dir/CheckFunctionExists.c.o   -c /opt/cmake/share/cmake-3.9/Modules/CheckFunctionExists.c
Linking C executable cmTC_04f6f
/opt/cmake/bin/cmake -E cmake_link_script CMakeFiles/cmTC_04f6f.dir/link.txt --verbose=1
/opt/intel/2018.1.163/compilers_and_libraries_2018.1.163/linux/bin/intel64/icc  -DCHECK_FUNCTION_EXISTS=sgemm_    -rdynamic CMakeFiles/cmTC_04f6f.dir/CheckFunctionExists.c.o  -o cmTC_04f6f -lmkl_intel_lp64 -lmkl_intel_thread -lmkl_core /opt/intel/2018.1.163/compilers_and_libraries_2018.1.163/linux/compiler/lib/intel64_lin/libiomp5.so -lpthread -lm 
gmake[1]: Leaving directory `/home/axichen/ALPS_stuff/inverter_new/000build/CMakeFiles/CMakeTmp'


Determining if the function cheev_ exists passed with the following output:
Change Dir: /home/axichen/ALPS_stuff/inverter_new/000build/CMakeFiles/CMakeTmp

Run Build Command:"/usr/bin/gmake" "cmTC_987f7/fast"
/usr/bin/gmake -f CMakeFiles/cmTC_987f7.dir/build.make CMakeFiles/cmTC_987f7.dir/build
gmake[1]: Entering directory `/home/axichen/ALPS_stuff/inverter_new/000build/CMakeFiles/CMakeTmp'
Building C object CMakeFiles/cmTC_987f7.dir/CheckFunctionExists.c.o
/opt/intel/2018.1.163/compilers_and_libraries_2018.1.163/linux/bin/intel64/icc   -DCHECK_FUNCTION_EXISTS=cheev_   -o CMakeFiles/cmTC_987f7.dir/CheckFunctionExists.c.o   -c /opt/cmake/share/cmake-3.9/Modules/CheckFunctionExists.c
Linking C executable cmTC_987f7
/opt/cmake/bin/cmake -E cmake_link_script CMakeFiles/cmTC_987f7.dir/link.txt --verbose=1
/opt/intel/2018.1.163/compilers_and_libraries_2018.1.163/linux/bin/intel64/icc  -DCHECK_FUNCTION_EXISTS=cheev_    -rdynamic CMakeFiles/cmTC_987f7.dir/CheckFunctionExists.c.o  -o cmTC_987f7 -lmkl_intel_lp64 -lmkl_intel_thread -lmkl_core /opt/intel/2018.1.163/compilers_and_libraries_2018.1.163/linux/compiler/lib/intel64_lin/libiomp5.so -lpthread -lm 
gmake[1]: Leaving directory `/home/axichen/ALPS_stuff/inverter_new/000build/CMakeFiles/CMakeTmp'


